<?xml version="1.0" encoding="UTF-8"?>
<testsuite xmlns:xsi="http://www.w3.org/2001/XMLSchema-instance" xsi:noNamespaceSchemaLocation="https://maven.apache.org/surefire/maven-surefire-plugin/xsd/surefire-test-report.xsd" name="com.fluffy.backend.service.CsvSupplierServiceTest" time="2.909" tests="1" errors="1" skipped="0" failures="0">
  <properties>
    <property name="java.specification.version" value="17"/>
    <property name="sun.cpu.isalist" value="amd64"/>
    <property name="sun.jnu.encoding" value="Cp1252"/>
    <property name="java.class.path" value="C:\Users\Victor\Documents\GitHub\Projeto-Integrador-Oracle-Backend\backend\target\test-classes;C:\Users\Victor\Documents\GitHub\Projeto-Integrador-Oracle-Backend\backend\target\classes;C:\Users\Victor\.m2\repository\org\springframework\boot\spring-boot-starter-data-jpa\2.7.14\spring-boot-starter-data-jpa-2.7.14.jar;C:\Users\Victor\.m2\repository\org\springframework\boot\spring-boot-starter-aop\2.7.14\spring-boot-starter-aop-2.7.14.jar;C:\Users\Victor\.m2\repository\org\aspectj\aspectjweaver\1.9.7\aspectjweaver-1.9.7.jar;C:\Users\Victor\.m2\repository\org\springframework\boot\spring-boot-starter-jdbc\2.7.14\spring-boot-starter-jdbc-2.7.14.jar;C:\Users\Victor\.m2\repository\com\zaxxer\HikariCP\4.0.3\HikariCP-4.0.3.jar;C:\Users\Victor\.m2\repository\jakarta\transaction\jakarta.transaction-api\1.3.3\jakarta.transaction-api-1.3.3.jar;C:\Users\Victor\.m2\repository\jakarta\persistence\jakarta.persistence-api\2.2.3\jakarta.persistence-api-2.2.3.jar;C:\Users\Victor\.m2\repository\org\hibernate\hibernate-core\5.6.15.Final\hibernate-core-5.6.15.Final.jar;C:\Users\Victor\.m2\repository\antlr\antlr\2.7.7\antlr-2.7.7.jar;C:\Users\Victor\.m2\repository\org\jboss\jandex\2.4.2.Final\jandex-2.4.2.Final.jar;C:\Users\Victor\.m2\repository\org\springframework\data\spring-data-jpa\2.7.14\spring-data-jpa-2.7.14.jar;C:\Users\Victor\.m2\repository\org\springframework\data\spring-data-commons\2.7.14\spring-data-commons-2.7.14.jar;C:\Users\Victor\.m2\repository\org\springframework\spring-orm\5.3.29\spring-orm-5.3.29.jar;C:\Users\Victor\.m2\repository\org\springframework\spring-aspects\5.3.29\spring-aspects-5.3.29.jar;C:\Users\Victor\.m2\repository\org\springframework\boot\spring-boot-starter-validation\2.7.14\spring-boot-starter-validation-2.7.14.jar;C:\Users\Victor\.m2\repository\org\springframework\boot\spring-boot-starter\2.7.14\spring-boot-starter-2.7.14.jar;C:\Users\Victor\.m2\repository\org\springframework\boot\spring-boot-starter-logging\2.7.14\spring-boot-starter-logging-2.7.14.jar;C:\Users\Victor\.m2\repository\ch\qos\logback\logback-classic\1.2.12\logback-classic-1.2.12.jar;C:\Users\Victor\.m2\repository\ch\qos\logback\logback-core\1.2.12\logback-core-1.2.12.jar;C:\Users\Victor\.m2\repository\org\apache\logging\log4j\log4j-to-slf4j\2.17.2\log4j-to-slf4j-2.17.2.jar;C:\Users\Victor\.m2\repository\org\apache\logging\log4j\log4j-api\2.17.2\log4j-api-2.17.2.jar;C:\Users\Victor\.m2\repository\org\slf4j\jul-to-slf4j\1.7.36\jul-to-slf4j-1.7.36.jar;C:\Users\Victor\.m2\repository\jakarta\annotation\jakarta.annotation-api\1.3.5\jakarta.annotation-api-1.3.5.jar;C:\Users\Victor\.m2\repository\org\apache\tomcat\embed\tomcat-embed-el\9.0.78\tomcat-embed-el-9.0.78.jar;C:\Users\Victor\.m2\repository\org\hibernate\validator\hibernate-validator\6.2.5.Final\hibernate-validator-6.2.5.Final.jar;C:\Users\Victor\.m2\repository\jakarta\validation\jakarta.validation-api\2.0.2\jakarta.validation-api-2.0.2.jar;C:\Users\Victor\.m2\repository\org\springframework\batch\spring-batch-core\5.0.3\spring-batch-core-5.0.3.jar;C:\Users\Victor\.m2\repository\org\springframework\batch\spring-batch-infrastructure\4.3.8\spring-batch-infrastructure-4.3.8.jar;C:\Users\Victor\.m2\repository\org\springframework\retry\spring-retry\1.3.4\spring-retry-1.3.4.jar;C:\Users\Victor\.m2\repository\org\springframework\spring-aop\5.3.29\spring-aop-5.3.29.jar;C:\Users\Victor\.m2\repository\org\springframework\spring-beans\5.3.29\spring-beans-5.3.29.jar;C:\Users\Victor\.m2\repository\org\springframework\spring-context\5.3.29\spring-context-5.3.29.jar;C:\Users\Victor\.m2\repository\org\springframework\spring-expression\5.3.29\spring-expression-5.3.29.jar;C:\Users\Victor\.m2\repository\org\springframework\spring-tx\5.3.29\spring-tx-5.3.29.jar;C:\Users\Victor\.m2\repository\org\springframework\spring-jdbc\5.3.29\spring-jdbc-5.3.29.jar;C:\Users\Victor\.m2\repository\io\micrometer\micrometer-core\1.9.13\micrometer-core-1.9.13.jar;C:\Users\Victor\.m2\repository\org\hdrhistogram\HdrHistogram\2.1.12\HdrHistogram-2.1.12.jar;C:\Users\Victor\.m2\repository\org\latencyutils\LatencyUtils\2.0.3\LatencyUtils-2.0.3.jar;C:\Users\Victor\.m2\repository\io\micrometer\micrometer-observation\1.10.10\micrometer-observation-1.10.10.jar;C:\Users\Victor\.m2\repository\io\micrometer\micrometer-commons\1.10.10\micrometer-commons-1.10.10.jar;C:\Users\Victor\.m2\repository\org\springframework\boot\spring-boot-starter-web\2.7.14\spring-boot-starter-web-2.7.14.jar;C:\Users\Victor\.m2\repository\org\springframework\boot\spring-boot-starter-json\2.7.14\spring-boot-starter-json-2.7.14.jar;C:\Users\Victor\.m2\repository\com\fasterxml\jackson\core\jackson-databind\2.13.5\jackson-databind-2.13.5.jar;C:\Users\Victor\.m2\repository\com\fasterxml\jackson\core\jackson-core\2.13.5\jackson-core-2.13.5.jar;C:\Users\Victor\.m2\repository\com\fasterxml\jackson\datatype\jackson-datatype-jdk8\2.13.5\jackson-datatype-jdk8-2.13.5.jar;C:\Users\Victor\.m2\repository\com\fasterxml\jackson\datatype\jackson-datatype-jsr310\2.13.5\jackson-datatype-jsr310-2.13.5.jar;C:\Users\Victor\.m2\repository\com\fasterxml\jackson\module\jackson-module-parameter-names\2.13.5\jackson-module-parameter-names-2.13.5.jar;C:\Users\Victor\.m2\repository\org\springframework\boot\spring-boot-starter-tomcat\2.7.14\spring-boot-starter-tomcat-2.7.14.jar;C:\Users\Victor\.m2\repository\org\apache\tomcat\embed\tomcat-embed-core\9.0.78\tomcat-embed-core-9.0.78.jar;C:\Users\Victor\.m2\repository\org\apache\tomcat\embed\tomcat-embed-websocket\9.0.78\tomcat-embed-websocket-9.0.78.jar;C:\Users\Victor\.m2\repository\org\springframework\spring-web\5.3.29\spring-web-5.3.29.jar;C:\Users\Victor\.m2\repository\org\springframework\spring-webmvc\5.3.29\spring-webmvc-5.3.29.jar;C:\Users\Victor\.m2\repository\com\opencsv\opencsv\5.5\opencsv-5.5.jar;C:\Users\Victor\.m2\repository\org\apache\commons\commons-lang3\3.12.0\commons-lang3-3.12.0.jar;C:\Users\Victor\.m2\repository\org\apache\commons\commons-text\1.9\commons-text-1.9.jar;C:\Users\Victor\.m2\repository\commons-beanutils\commons-beanutils\1.9.4\commons-beanutils-1.9.4.jar;C:\Users\Victor\.m2\repository\commons-logging\commons-logging\1.2\commons-logging-1.2.jar;C:\Users\Victor\.m2\repository\commons-collections\commons-collections\3.2.2\commons-collections-3.2.2.jar;C:\Users\Victor\.m2\repository\org\apache\commons\commons-collections4\4.4\commons-collections4-4.4.jar;C:\Users\Victor\.m2\repository\org\jboss\logging\jboss-logging\3.4.3.Final\jboss-logging-3.4.3.Final.jar;C:\Users\Victor\.m2\repository\org\hibernate\common\hibernate-commons-annotations\6.0.6.Final\hibernate-commons-annotations-6.0.6.Final.jar;C:\Users\Victor\.m2\repository\io\smallrye\jandex\3.1.2\jandex-3.1.2.jar;C:\Users\Victor\.m2\repository\com\fasterxml\classmate\1.5.1\classmate-1.5.1.jar;C:\Users\Victor\.m2\repository\net\bytebuddy\byte-buddy\1.12.23\byte-buddy-1.12.23.jar;C:\Users\Victor\.m2\repository\jakarta\xml\bind\jakarta.xml.bind-api\2.3.3\jakarta.xml.bind-api-2.3.3.jar;C:\Users\Victor\.m2\repository\jakarta\activation\jakarta.activation-api\1.2.2\jakarta.activation-api-1.2.2.jar;C:\Users\Victor\.m2\repository\org\glassfish\jaxb\jaxb-runtime\2.3.8\jaxb-runtime-2.3.8.jar;C:\Users\Victor\.m2\repository\org\glassfish\jaxb\txw2\2.3.8\txw2-2.3.8.jar;C:\Users\Victor\.m2\repository\com\sun\istack\istack-commons-runtime\3.0.12\istack-commons-runtime-3.0.12.jar;C:\Users\Victor\.m2\repository\com\sun\activation\jakarta.activation\1.2.2\jakarta.activation-1.2.2.jar;C:\Users\Victor\.m2\repository\jakarta\inject\jakarta.inject-api\2.0.1\jakarta.inject-api-2.0.1.jar;C:\Users\Victor\.m2\repository\org\antlr\antlr4-runtime\4.10.1\antlr4-runtime-4.10.1.jar;C:\Users\Victor\.m2\repository\com\oracle\database\jdbc\ojdbc11\21.5.0.0\ojdbc11-21.5.0.0.jar;C:\Users\Victor\.m2\repository\com\oracle\database\jdbc\ucp11\21.5.0.0\ucp11-21.5.0.0.jar;C:\Users\Victor\.m2\repository\com\oracle\database\jdbc\rsi\21.5.0.0\rsi-21.5.0.0.jar;C:\Users\Victor\.m2\repository\com\oracle\database\security\oraclepki\21.5.0.0\oraclepki-21.5.0.0.jar;C:\Users\Victor\.m2\repository\com\oracle\database\security\osdt_core\21.5.0.0\osdt_core-21.5.0.0.jar;C:\Users\Victor\.m2\repository\com\oracle\database\security\osdt_cert\21.5.0.0\osdt_cert-21.5.0.0.jar;C:\Users\Victor\.m2\repository\com\oracle\database\ha\ons\21.5.0.0\ons-21.5.0.0.jar;C:\Users\Victor\.m2\repository\com\oracle\database\nls\orai18n\21.5.0.0\orai18n-21.5.0.0.jar;C:\Users\Victor\.m2\repository\com\oracle\database\xml\xdb\21.5.0.0\xdb-21.5.0.0.jar;C:\Users\Victor\.m2\repository\com\oracle\database\xml\xmlparserv2\21.5.0.0\xmlparserv2-21.5.0.0.jar;C:\Users\Victor\.m2\repository\io\springfox\springfox-swagger2\3.0.0\springfox-swagger2-3.0.0.jar;C:\Users\Victor\.m2\repository\io\springfox\springfox-spi\3.0.0\springfox-spi-3.0.0.jar;C:\Users\Victor\.m2\repository\io\springfox\springfox-core\3.0.0\springfox-core-3.0.0.jar;C:\Users\Victor\.m2\repository\io\springfox\springfox-schema\3.0.0\springfox-schema-3.0.0.jar;C:\Users\Victor\.m2\repository\io\springfox\springfox-swagger-common\3.0.0\springfox-swagger-common-3.0.0.jar;C:\Users\Victor\.m2\repository\io\swagger\core\v3\swagger-annotations\2.1.2\swagger-annotations-2.1.2.jar;C:\Users\Victor\.m2\repository\io\springfox\springfox-spring-web\3.0.0\springfox-spring-web-3.0.0.jar;C:\Users\Victor\.m2\repository\io\github\classgraph\classgraph\4.8.83\classgraph-4.8.83.jar;C:\Users\Victor\.m2\repository\io\springfox\springfox-spring-webmvc\3.0.0\springfox-spring-webmvc-3.0.0.jar;C:\Users\Victor\.m2\repository\io\springfox\springfox-spring-webflux\3.0.0\springfox-spring-webflux-3.0.0.jar;C:\Users\Victor\.m2\repository\org\slf4j\slf4j-api\1.7.36\slf4j-api-1.7.36.jar;C:\Users\Victor\.m2\repository\org\springframework\plugin\spring-plugin-core\2.0.0.RELEASE\spring-plugin-core-2.0.0.RELEASE.jar;C:\Users\Victor\.m2\repository\org\springframework\plugin\spring-plugin-metadata\2.0.0.RELEASE\spring-plugin-metadata-2.0.0.RELEASE.jar;C:\Users\Victor\.m2\repository\io\swagger\swagger-annotations\1.5.20\swagger-annotations-1.5.20.jar;C:\Users\Victor\.m2\repository\io\swagger\swagger-models\1.5.20\swagger-models-1.5.20.jar;C:\Users\Victor\.m2\repository\com\fasterxml\jackson\core\jackson-annotations\2.13.5\jackson-annotations-2.13.5.jar;C:\Users\Victor\.m2\repository\org\mapstruct\mapstruct\1.3.1.Final\mapstruct-1.3.1.Final.jar;C:\Users\Victor\.m2\repository\io\springfox\springfox-swagger-ui\2.9.2\springfox-swagger-ui-2.9.2.jar;C:\Users\Victor\.m2\repository\org\springframework\boot\spring-boot-devtools\2.7.14\spring-boot-devtools-2.7.14.jar;C:\Users\Victor\.m2\repository\org\springframework\boot\spring-boot\2.7.14\spring-boot-2.7.14.jar;C:\Users\Victor\.m2\repository\org\springframework\boot\spring-boot-autoconfigure\2.7.14\spring-boot-autoconfigure-2.7.14.jar;C:\Users\Victor\.m2\repository\org\projectlombok\lombok\1.18.28\lombok-1.18.28.jar;C:\Users\Victor\.m2\repository\commons-io\commons-io\2.11.0\commons-io-2.11.0.jar;C:\Users\Victor\.m2\repository\org\springframework\boot\spring-boot-starter-test\2.7.14\spring-boot-starter-test-2.7.14.jar;C:\Users\Victor\.m2\repository\org\springframework\boot\spring-boot-test\2.7.14\spring-boot-test-2.7.14.jar;C:\Users\Victor\.m2\repository\org\springframework\boot\spring-boot-test-autoconfigure\2.7.14\spring-boot-test-autoconfigure-2.7.14.jar;C:\Users\Victor\.m2\repository\com\jayway\jsonpath\json-path\2.7.0\json-path-2.7.0.jar;C:\Users\Victor\.m2\repository\net\minidev\json-smart\2.4.11\json-smart-2.4.11.jar;C:\Users\Victor\.m2\repository\net\minidev\accessors-smart\2.4.11\accessors-smart-2.4.11.jar;C:\Users\Victor\.m2\repository\org\ow2\asm\asm\9.3\asm-9.3.jar;C:\Users\Victor\.m2\repository\org\assertj\assertj-core\3.22.0\assertj-core-3.22.0.jar;C:\Users\Victor\.m2\repository\org\hamcrest\hamcrest\2.2\hamcrest-2.2.jar;C:\Users\Victor\.m2\repository\org\junit\jupiter\junit-jupiter\5.8.2\junit-jupiter-5.8.2.jar;C:\Users\Victor\.m2\repository\org\junit\jupiter\junit-jupiter-api\5.8.2\junit-jupiter-api-5.8.2.jar;C:\Users\Victor\.m2\repository\org\opentest4j\opentest4j\1.2.0\opentest4j-1.2.0.jar;C:\Users\Victor\.m2\repository\org\junit\platform\junit-platform-commons\1.8.2\junit-platform-commons-1.8.2.jar;C:\Users\Victor\.m2\repository\org\apiguardian\apiguardian-api\1.1.2\apiguardian-api-1.1.2.jar;C:\Users\Victor\.m2\repository\org\junit\jupiter\junit-jupiter-params\5.8.2\junit-jupiter-params-5.8.2.jar;C:\Users\Victor\.m2\repository\org\junit\jupiter\junit-jupiter-engine\5.8.2\junit-jupiter-engine-5.8.2.jar;C:\Users\Victor\.m2\repository\org\junit\platform\junit-platform-engine\1.8.2\junit-platform-engine-1.8.2.jar;C:\Users\Victor\.m2\repository\org\mockito\mockito-core\4.5.1\mockito-core-4.5.1.jar;C:\Users\Victor\.m2\repository\net\bytebuddy\byte-buddy-agent\1.12.23\byte-buddy-agent-1.12.23.jar;C:\Users\Victor\.m2\repository\org\objenesis\objenesis\3.2\objenesis-3.2.jar;C:\Users\Victor\.m2\repository\org\mockito\mockito-junit-jupiter\4.5.1\mockito-junit-jupiter-4.5.1.jar;C:\Users\Victor\.m2\repository\org\skyscreamer\jsonassert\1.5.1\jsonassert-1.5.1.jar;C:\Users\Victor\.m2\repository\com\vaadin\external\google\android-json\0.0.20131108.vaadin1\android-json-0.0.20131108.vaadin1.jar;C:\Users\Victor\.m2\repository\org\springframework\spring-core\5.3.29\spring-core-5.3.29.jar;C:\Users\Victor\.m2\repository\org\springframework\spring-jcl\5.3.29\spring-jcl-5.3.29.jar;C:\Users\Victor\.m2\repository\org\springframework\spring-test\5.3.29\spring-test-5.3.29.jar;C:\Users\Victor\.m2\repository\org\xmlunit\xmlunit-core\2.9.1\xmlunit-core-2.9.1.jar;C:\Users\Victor\.m2\repository\org\liquibase\liquibase-core\4.12.0\liquibase-core-4.12.0.jar;C:\Users\Victor\.m2\repository\javax\xml\bind\jaxb-api\2.3.1\jaxb-api-2.3.1.jar;C:\Users\Victor\.m2\repository\javax\activation\javax.activation-api\1.2.0\javax.activation-api-1.2.0.jar;C:\Users\Victor\.m2\repository\org\yaml\snakeyaml\1.30\snakeyaml-1.30.jar;C:\Users\Victor\.m2\repository\javax\validation\validation-api\2.0.1.Final\validation-api-2.0.1.Final.jar;C:\Users\Victor\.m2\repository\com\h2database\h2\2.2.224\h2-2.2.224.jar;"/>
    <property name="java.vm.vendor" value="Eclipse Adoptium"/>
    <property name="sun.arch.data.model" value="64"/>
    <property name="user.variant" value=""/>
    <property name="java.vendor.url" value="https://adoptium.net/"/>
    <property name="user.timezone" value="America/Sao_Paulo"/>
    <property name="os.name" value="Windows 11"/>
    <property name="java.vm.specification.version" value="17"/>
    <property name="sun.java.launcher" value="SUN_STANDARD"/>
    <property name="user.country" value="BR"/>
    <property name="sun.boot.library.path" value="C:\Users\Victor\.p2\pool\plugins\org.eclipse.justj.openjdk.hotspot.jre.full.win32.x86_64_17.0.6.v20230204-1729\jre\bin"/>
    <property name="sun.java.command" value="C:\Users\Victor\AppData\Local\Temp\surefire17121497140487707971\surefirebooter14620455764093811809.jar C:\Users\Victor\AppData\Local\Temp\surefire17121497140487707971 2023-10-15T14-23-14_226-jvmRun1 surefire13049173390782259086tmp surefire_03088533998789440460tmp"/>
    <property name="jdk.debug" value="release"/>
    <property name="surefire.test.class.path" value="C:\Users\Victor\Documents\GitHub\Projeto-Integrador-Oracle-Backend\backend\target\test-classes;C:\Users\Victor\Documents\GitHub\Projeto-Integrador-Oracle-Backend\backend\target\classes;C:\Users\Victor\.m2\repository\org\springframework\boot\spring-boot-starter-data-jpa\2.7.14\spring-boot-starter-data-jpa-2.7.14.jar;C:\Users\Victor\.m2\repository\org\springframework\boot\spring-boot-starter-aop\2.7.14\spring-boot-starter-aop-2.7.14.jar;C:\Users\Victor\.m2\repository\org\aspectj\aspectjweaver\1.9.7\aspectjweaver-1.9.7.jar;C:\Users\Victor\.m2\repository\org\springframework\boot\spring-boot-starter-jdbc\2.7.14\spring-boot-starter-jdbc-2.7.14.jar;C:\Users\Victor\.m2\repository\com\zaxxer\HikariCP\4.0.3\HikariCP-4.0.3.jar;C:\Users\Victor\.m2\repository\jakarta\transaction\jakarta.transaction-api\1.3.3\jakarta.transaction-api-1.3.3.jar;C:\Users\Victor\.m2\repository\jakarta\persistence\jakarta.persistence-api\2.2.3\jakarta.persistence-api-2.2.3.jar;C:\Users\Victor\.m2\repository\org\hibernate\hibernate-core\5.6.15.Final\hibernate-core-5.6.15.Final.jar;C:\Users\Victor\.m2\repository\antlr\antlr\2.7.7\antlr-2.7.7.jar;C:\Users\Victor\.m2\repository\org\jboss\jandex\2.4.2.Final\jandex-2.4.2.Final.jar;C:\Users\Victor\.m2\repository\org\springframework\data\spring-data-jpa\2.7.14\spring-data-jpa-2.7.14.jar;C:\Users\Victor\.m2\repository\org\springframework\data\spring-data-commons\2.7.14\spring-data-commons-2.7.14.jar;C:\Users\Victor\.m2\repository\org\springframework\spring-orm\5.3.29\spring-orm-5.3.29.jar;C:\Users\Victor\.m2\repository\org\springframework\spring-aspects\5.3.29\spring-aspects-5.3.29.jar;C:\Users\Victor\.m2\repository\org\springframework\boot\spring-boot-starter-validation\2.7.14\spring-boot-starter-validation-2.7.14.jar;C:\Users\Victor\.m2\repository\org\springframework\boot\spring-boot-starter\2.7.14\spring-boot-starter-2.7.14.jar;C:\Users\Victor\.m2\repository\org\springframework\boot\spring-boot-starter-logging\2.7.14\spring-boot-starter-logging-2.7.14.jar;C:\Users\Victor\.m2\repository\ch\qos\logback\logback-classic\1.2.12\logback-classic-1.2.12.jar;C:\Users\Victor\.m2\repository\ch\qos\logback\logback-core\1.2.12\logback-core-1.2.12.jar;C:\Users\Victor\.m2\repository\org\apache\logging\log4j\log4j-to-slf4j\2.17.2\log4j-to-slf4j-2.17.2.jar;C:\Users\Victor\.m2\repository\org\apache\logging\log4j\log4j-api\2.17.2\log4j-api-2.17.2.jar;C:\Users\Victor\.m2\repository\org\slf4j\jul-to-slf4j\1.7.36\jul-to-slf4j-1.7.36.jar;C:\Users\Victor\.m2\repository\jakarta\annotation\jakarta.annotation-api\1.3.5\jakarta.annotation-api-1.3.5.jar;C:\Users\Victor\.m2\repository\org\apache\tomcat\embed\tomcat-embed-el\9.0.78\tomcat-embed-el-9.0.78.jar;C:\Users\Victor\.m2\repository\org\hibernate\validator\hibernate-validator\6.2.5.Final\hibernate-validator-6.2.5.Final.jar;C:\Users\Victor\.m2\repository\jakarta\validation\jakarta.validation-api\2.0.2\jakarta.validation-api-2.0.2.jar;C:\Users\Victor\.m2\repository\org\springframework\batch\spring-batch-core\5.0.3\spring-batch-core-5.0.3.jar;C:\Users\Victor\.m2\repository\org\springframework\batch\spring-batch-infrastructure\4.3.8\spring-batch-infrastructure-4.3.8.jar;C:\Users\Victor\.m2\repository\org\springframework\retry\spring-retry\1.3.4\spring-retry-1.3.4.jar;C:\Users\Victor\.m2\repository\org\springframework\spring-aop\5.3.29\spring-aop-5.3.29.jar;C:\Users\Victor\.m2\repository\org\springframework\spring-beans\5.3.29\spring-beans-5.3.29.jar;C:\Users\Victor\.m2\repository\org\springframework\spring-context\5.3.29\spring-context-5.3.29.jar;C:\Users\Victor\.m2\repository\org\springframework\spring-expression\5.3.29\spring-expression-5.3.29.jar;C:\Users\Victor\.m2\repository\org\springframework\spring-tx\5.3.29\spring-tx-5.3.29.jar;C:\Users\Victor\.m2\repository\org\springframework\spring-jdbc\5.3.29\spring-jdbc-5.3.29.jar;C:\Users\Victor\.m2\repository\io\micrometer\micrometer-core\1.9.13\micrometer-core-1.9.13.jar;C:\Users\Victor\.m2\repository\org\hdrhistogram\HdrHistogram\2.1.12\HdrHistogram-2.1.12.jar;C:\Users\Victor\.m2\repository\org\latencyutils\LatencyUtils\2.0.3\LatencyUtils-2.0.3.jar;C:\Users\Victor\.m2\repository\io\micrometer\micrometer-observation\1.10.10\micrometer-observation-1.10.10.jar;C:\Users\Victor\.m2\repository\io\micrometer\micrometer-commons\1.10.10\micrometer-commons-1.10.10.jar;C:\Users\Victor\.m2\repository\org\springframework\boot\spring-boot-starter-web\2.7.14\spring-boot-starter-web-2.7.14.jar;C:\Users\Victor\.m2\repository\org\springframework\boot\spring-boot-starter-json\2.7.14\spring-boot-starter-json-2.7.14.jar;C:\Users\Victor\.m2\repository\com\fasterxml\jackson\core\jackson-databind\2.13.5\jackson-databind-2.13.5.jar;C:\Users\Victor\.m2\repository\com\fasterxml\jackson\core\jackson-core\2.13.5\jackson-core-2.13.5.jar;C:\Users\Victor\.m2\repository\com\fasterxml\jackson\datatype\jackson-datatype-jdk8\2.13.5\jackson-datatype-jdk8-2.13.5.jar;C:\Users\Victor\.m2\repository\com\fasterxml\jackson\datatype\jackson-datatype-jsr310\2.13.5\jackson-datatype-jsr310-2.13.5.jar;C:\Users\Victor\.m2\repository\com\fasterxml\jackson\module\jackson-module-parameter-names\2.13.5\jackson-module-parameter-names-2.13.5.jar;C:\Users\Victor\.m2\repository\org\springframework\boot\spring-boot-starter-tomcat\2.7.14\spring-boot-starter-tomcat-2.7.14.jar;C:\Users\Victor\.m2\repository\org\apache\tomcat\embed\tomcat-embed-core\9.0.78\tomcat-embed-core-9.0.78.jar;C:\Users\Victor\.m2\repository\org\apache\tomcat\embed\tomcat-embed-websocket\9.0.78\tomcat-embed-websocket-9.0.78.jar;C:\Users\Victor\.m2\repository\org\springframework\spring-web\5.3.29\spring-web-5.3.29.jar;C:\Users\Victor\.m2\repository\org\springframework\spring-webmvc\5.3.29\spring-webmvc-5.3.29.jar;C:\Users\Victor\.m2\repository\com\opencsv\opencsv\5.5\opencsv-5.5.jar;C:\Users\Victor\.m2\repository\org\apache\commons\commons-lang3\3.12.0\commons-lang3-3.12.0.jar;C:\Users\Victor\.m2\repository\org\apache\commons\commons-text\1.9\commons-text-1.9.jar;C:\Users\Victor\.m2\repository\commons-beanutils\commons-beanutils\1.9.4\commons-beanutils-1.9.4.jar;C:\Users\Victor\.m2\repository\commons-logging\commons-logging\1.2\commons-logging-1.2.jar;C:\Users\Victor\.m2\repository\commons-collections\commons-collections\3.2.2\commons-collections-3.2.2.jar;C:\Users\Victor\.m2\repository\org\apache\commons\commons-collections4\4.4\commons-collections4-4.4.jar;C:\Users\Victor\.m2\repository\org\jboss\logging\jboss-logging\3.4.3.Final\jboss-logging-3.4.3.Final.jar;C:\Users\Victor\.m2\repository\org\hibernate\common\hibernate-commons-annotations\6.0.6.Final\hibernate-commons-annotations-6.0.6.Final.jar;C:\Users\Victor\.m2\repository\io\smallrye\jandex\3.1.2\jandex-3.1.2.jar;C:\Users\Victor\.m2\repository\com\fasterxml\classmate\1.5.1\classmate-1.5.1.jar;C:\Users\Victor\.m2\repository\net\bytebuddy\byte-buddy\1.12.23\byte-buddy-1.12.23.jar;C:\Users\Victor\.m2\repository\jakarta\xml\bind\jakarta.xml.bind-api\2.3.3\jakarta.xml.bind-api-2.3.3.jar;C:\Users\Victor\.m2\repository\jakarta\activation\jakarta.activation-api\1.2.2\jakarta.activation-api-1.2.2.jar;C:\Users\Victor\.m2\repository\org\glassfish\jaxb\jaxb-runtime\2.3.8\jaxb-runtime-2.3.8.jar;C:\Users\Victor\.m2\repository\org\glassfish\jaxb\txw2\2.3.8\txw2-2.3.8.jar;C:\Users\Victor\.m2\repository\com\sun\istack\istack-commons-runtime\3.0.12\istack-commons-runtime-3.0.12.jar;C:\Users\Victor\.m2\repository\com\sun\activation\jakarta.activation\1.2.2\jakarta.activation-1.2.2.jar;C:\Users\Victor\.m2\repository\jakarta\inject\jakarta.inject-api\2.0.1\jakarta.inject-api-2.0.1.jar;C:\Users\Victor\.m2\repository\org\antlr\antlr4-runtime\4.10.1\antlr4-runtime-4.10.1.jar;C:\Users\Victor\.m2\repository\com\oracle\database\jdbc\ojdbc11\21.5.0.0\ojdbc11-21.5.0.0.jar;C:\Users\Victor\.m2\repository\com\oracle\database\jdbc\ucp11\21.5.0.0\ucp11-21.5.0.0.jar;C:\Users\Victor\.m2\repository\com\oracle\database\jdbc\rsi\21.5.0.0\rsi-21.5.0.0.jar;C:\Users\Victor\.m2\repository\com\oracle\database\security\oraclepki\21.5.0.0\oraclepki-21.5.0.0.jar;C:\Users\Victor\.m2\repository\com\oracle\database\security\osdt_core\21.5.0.0\osdt_core-21.5.0.0.jar;C:\Users\Victor\.m2\repository\com\oracle\database\security\osdt_cert\21.5.0.0\osdt_cert-21.5.0.0.jar;C:\Users\Victor\.m2\repository\com\oracle\database\ha\ons\21.5.0.0\ons-21.5.0.0.jar;C:\Users\Victor\.m2\repository\com\oracle\database\nls\orai18n\21.5.0.0\orai18n-21.5.0.0.jar;C:\Users\Victor\.m2\repository\com\oracle\database\xml\xdb\21.5.0.0\xdb-21.5.0.0.jar;C:\Users\Victor\.m2\repository\com\oracle\database\xml\xmlparserv2\21.5.0.0\xmlparserv2-21.5.0.0.jar;C:\Users\Victor\.m2\repository\io\springfox\springfox-swagger2\3.0.0\springfox-swagger2-3.0.0.jar;C:\Users\Victor\.m2\repository\io\springfox\springfox-spi\3.0.0\springfox-spi-3.0.0.jar;C:\Users\Victor\.m2\repository\io\springfox\springfox-core\3.0.0\springfox-core-3.0.0.jar;C:\Users\Victor\.m2\repository\io\springfox\springfox-schema\3.0.0\springfox-schema-3.0.0.jar;C:\Users\Victor\.m2\repository\io\springfox\springfox-swagger-common\3.0.0\springfox-swagger-common-3.0.0.jar;C:\Users\Victor\.m2\repository\io\swagger\core\v3\swagger-annotations\2.1.2\swagger-annotations-2.1.2.jar;C:\Users\Victor\.m2\repository\io\springfox\springfox-spring-web\3.0.0\springfox-spring-web-3.0.0.jar;C:\Users\Victor\.m2\repository\io\github\classgraph\classgraph\4.8.83\classgraph-4.8.83.jar;C:\Users\Victor\.m2\repository\io\springfox\springfox-spring-webmvc\3.0.0\springfox-spring-webmvc-3.0.0.jar;C:\Users\Victor\.m2\repository\io\springfox\springfox-spring-webflux\3.0.0\springfox-spring-webflux-3.0.0.jar;C:\Users\Victor\.m2\repository\org\slf4j\slf4j-api\1.7.36\slf4j-api-1.7.36.jar;C:\Users\Victor\.m2\repository\org\springframework\plugin\spring-plugin-core\2.0.0.RELEASE\spring-plugin-core-2.0.0.RELEASE.jar;C:\Users\Victor\.m2\repository\org\springframework\plugin\spring-plugin-metadata\2.0.0.RELEASE\spring-plugin-metadata-2.0.0.RELEASE.jar;C:\Users\Victor\.m2\repository\io\swagger\swagger-annotations\1.5.20\swagger-annotations-1.5.20.jar;C:\Users\Victor\.m2\repository\io\swagger\swagger-models\1.5.20\swagger-models-1.5.20.jar;C:\Users\Victor\.m2\repository\com\fasterxml\jackson\core\jackson-annotations\2.13.5\jackson-annotations-2.13.5.jar;C:\Users\Victor\.m2\repository\org\mapstruct\mapstruct\1.3.1.Final\mapstruct-1.3.1.Final.jar;C:\Users\Victor\.m2\repository\io\springfox\springfox-swagger-ui\2.9.2\springfox-swagger-ui-2.9.2.jar;C:\Users\Victor\.m2\repository\org\springframework\boot\spring-boot-devtools\2.7.14\spring-boot-devtools-2.7.14.jar;C:\Users\Victor\.m2\repository\org\springframework\boot\spring-boot\2.7.14\spring-boot-2.7.14.jar;C:\Users\Victor\.m2\repository\org\springframework\boot\spring-boot-autoconfigure\2.7.14\spring-boot-autoconfigure-2.7.14.jar;C:\Users\Victor\.m2\repository\org\projectlombok\lombok\1.18.28\lombok-1.18.28.jar;C:\Users\Victor\.m2\repository\commons-io\commons-io\2.11.0\commons-io-2.11.0.jar;C:\Users\Victor\.m2\repository\org\springframework\boot\spring-boot-starter-test\2.7.14\spring-boot-starter-test-2.7.14.jar;C:\Users\Victor\.m2\repository\org\springframework\boot\spring-boot-test\2.7.14\spring-boot-test-2.7.14.jar;C:\Users\Victor\.m2\repository\org\springframework\boot\spring-boot-test-autoconfigure\2.7.14\spring-boot-test-autoconfigure-2.7.14.jar;C:\Users\Victor\.m2\repository\com\jayway\jsonpath\json-path\2.7.0\json-path-2.7.0.jar;C:\Users\Victor\.m2\repository\net\minidev\json-smart\2.4.11\json-smart-2.4.11.jar;C:\Users\Victor\.m2\repository\net\minidev\accessors-smart\2.4.11\accessors-smart-2.4.11.jar;C:\Users\Victor\.m2\repository\org\ow2\asm\asm\9.3\asm-9.3.jar;C:\Users\Victor\.m2\repository\org\assertj\assertj-core\3.22.0\assertj-core-3.22.0.jar;C:\Users\Victor\.m2\repository\org\hamcrest\hamcrest\2.2\hamcrest-2.2.jar;C:\Users\Victor\.m2\repository\org\junit\jupiter\junit-jupiter\5.8.2\junit-jupiter-5.8.2.jar;C:\Users\Victor\.m2\repository\org\junit\jupiter\junit-jupiter-api\5.8.2\junit-jupiter-api-5.8.2.jar;C:\Users\Victor\.m2\repository\org\opentest4j\opentest4j\1.2.0\opentest4j-1.2.0.jar;C:\Users\Victor\.m2\repository\org\junit\platform\junit-platform-commons\1.8.2\junit-platform-commons-1.8.2.jar;C:\Users\Victor\.m2\repository\org\apiguardian\apiguardian-api\1.1.2\apiguardian-api-1.1.2.jar;C:\Users\Victor\.m2\repository\org\junit\jupiter\junit-jupiter-params\5.8.2\junit-jupiter-params-5.8.2.jar;C:\Users\Victor\.m2\repository\org\junit\jupiter\junit-jupiter-engine\5.8.2\junit-jupiter-engine-5.8.2.jar;C:\Users\Victor\.m2\repository\org\junit\platform\junit-platform-engine\1.8.2\junit-platform-engine-1.8.2.jar;C:\Users\Victor\.m2\repository\org\mockito\mockito-core\4.5.1\mockito-core-4.5.1.jar;C:\Users\Victor\.m2\repository\net\bytebuddy\byte-buddy-agent\1.12.23\byte-buddy-agent-1.12.23.jar;C:\Users\Victor\.m2\repository\org\objenesis\objenesis\3.2\objenesis-3.2.jar;C:\Users\Victor\.m2\repository\org\mockito\mockito-junit-jupiter\4.5.1\mockito-junit-jupiter-4.5.1.jar;C:\Users\Victor\.m2\repository\org\skyscreamer\jsonassert\1.5.1\jsonassert-1.5.1.jar;C:\Users\Victor\.m2\repository\com\vaadin\external\google\android-json\0.0.20131108.vaadin1\android-json-0.0.20131108.vaadin1.jar;C:\Users\Victor\.m2\repository\org\springframework\spring-core\5.3.29\spring-core-5.3.29.jar;C:\Users\Victor\.m2\repository\org\springframework\spring-jcl\5.3.29\spring-jcl-5.3.29.jar;C:\Users\Victor\.m2\repository\org\springframework\spring-test\5.3.29\spring-test-5.3.29.jar;C:\Users\Victor\.m2\repository\org\xmlunit\xmlunit-core\2.9.1\xmlunit-core-2.9.1.jar;C:\Users\Victor\.m2\repository\org\liquibase\liquibase-core\4.12.0\liquibase-core-4.12.0.jar;C:\Users\Victor\.m2\repository\javax\xml\bind\jaxb-api\2.3.1\jaxb-api-2.3.1.jar;C:\Users\Victor\.m2\repository\javax\activation\javax.activation-api\1.2.0\javax.activation-api-1.2.0.jar;C:\Users\Victor\.m2\repository\org\yaml\snakeyaml\1.30\snakeyaml-1.30.jar;C:\Users\Victor\.m2\repository\javax\validation\validation-api\2.0.1.Final\validation-api-2.0.1.Final.jar;C:\Users\Victor\.m2\repository\com\h2database\h2\2.2.224\h2-2.2.224.jar;"/>
    <property name="sun.cpu.endian" value="little"/>
    <property name="user.home" value="C:\Users\Victor"/>
    <property name="user.language" value="pt"/>
    <property name="java.specification.vendor" value="Oracle Corporation"/>
    <property name="java.version.date" value="2023-01-17"/>
    <property name="java.home" value="C:\Users\Victor\.p2\pool\plugins\org.eclipse.justj.openjdk.hotspot.jre.full.win32.x86_64_17.0.6.v20230204-1729\jre"/>
    <property name="file.separator" value="\"/>
    <property name="basedir" value="C:\Users\Victor\Documents\GitHub\Projeto-Integrador-Oracle-Backend\backend"/>
    <property name="java.vm.compressedOopsMode" value="Zero based"/>
    <property name="line.separator" value="&#10;"/>
    <property name="java.vm.specification.vendor" value="Oracle Corporation"/>
    <property name="java.specification.name" value="Java Platform API Specification"/>
    <property name="surefire.real.class.path" value="C:\Users\Victor\AppData\Local\Temp\surefire17121497140487707971\surefirebooter14620455764093811809.jar"/>
    <property name="user.script" value=""/>
    <property name="sun.management.compiler" value="HotSpot 64-Bit Tiered Compilers"/>
    <property name="java.runtime.version" value="17.0.6+10"/>
    <property name="user.name" value="Victor"/>
    <property name="path.separator" value=";"/>
    <property name="os.version" value="10.0"/>
    <property name="java.runtime.name" value="OpenJDK Runtime Environment"/>
    <property name="file.encoding" value="Cp1252"/>
    <property name="java.vm.name" value="OpenJDK 64-Bit Server VM"/>
    <property name="java.vendor.version" value="Temurin-17.0.6+10"/>
    <property name="localRepository" value="C:\Users\Victor\.m2\repository"/>
    <property name="java.vendor.url.bug" value="https://github.com/adoptium/adoptium-support/issues"/>
    <property name="java.io.tmpdir" value="C:\Users\Victor\AppData\Local\Temp\"/>
    <property name="java.version" value="17.0.6"/>
    <property name="user.dir" value="C:\Users\Victor\Documents\GitHub\Projeto-Integrador-Oracle-Backend\backend"/>
    <property name="os.arch" value="amd64"/>
    <property name="java.vm.specification.name" value="Java Virtual Machine Specification"/>
    <property name="sun.os.patch.level" value=""/>
    <property name="native.encoding" value="Cp1252"/>
    <property name="java.library.path" value="C:\Users\Victor\.p2\pool\plugins\org.eclipse.justj.openjdk.hotspot.jre.full.win32.x86_64_17.0.6.v20230204-1729\jre\bin;C:\WINDOWS\Sun\Java\bin;C:\WINDOWS\system32;C:\WINDOWS;C:/Users/Victor/.p2/pool/plugins/org.eclipse.justj.openjdk.hotspot.jre.full.win32.x86_64_17.0.6.v20230204-1729/jre/bin/server;C:/Users/Victor/.p2/pool/plugins/org.eclipse.justj.openjdk.hotspot.jre.full.win32.x86_64_17.0.6.v20230204-1729/jre/bin;C:\app\Victor\product\21c\dbhomeXE\bin;C:\Program Files\Common Files\Oracle\Java\javapath;C:\WINDOWS\system32;C:\WINDOWS;C:\WINDOWS\System32\Wbem;C:\WINDOWS\System32\WindowsPowerShell\v1.0\;C:\WINDOWS\System32\OpenSSH\;C:\Program Files (x86)\NVIDIA Corporation\PhysX\Common;C:\Program Files\NVIDIA Corporation\NVIDIA NvDLISR;C:\Users\Victor\anaconda3\share\jupyter\kernels\python3;C:\Program Files\Git\cmd;C:\Program Files\Docker\Docker\resources\bin;C:\Program Files\nodejs\;C:\Program Files\nodejs\node_modules\npm\bin;C:\Program Files\MySQL\MySQL Shell 8.0\bin\;C:\Users\Victor\AppData\Local\Programs\Python\Python311\Scripts\;C:\Users\Victor\AppData\Local\Programs\Python\Python311\;C:\Users\Victor\AppData\Local\Microsoft\WindowsApps;C:\Users\Victor\AppData\Local\Programs\Microsoft VS Code\bin;C:\Users\Victor\anaconda3\condabin;C:\Users\Victor\AppData\Local\GitHubDesktop\bin;C:\Users\Victor\AppData\Roaming\npm;C:\Program Files\apache-maven-3.9.4\\bin;C:\Program Files\MySQL\MySQL Server 8.0\bin;;C:\WINDOWS\system32;;."/>
    <property name="java.vm.info" value="mixed mode"/>
    <property name="java.vendor" value="Eclipse Adoptium"/>
    <property name="java.vm.version" value="17.0.6+10"/>
    <property name="sun.io.unicode.encoding" value="UnicodeLittle"/>
    <property name="java.class.version" value="61.0"/>
  </properties>
  <testcase name="testProcessCsvData" classname="com.fluffy.backend.service.CsvSupplierServiceTest" time="0.001">
    <error message="Failed to load ApplicationContext" type="java.lang.IllegalStateException">java.lang.IllegalStateException: Failed to load ApplicationContext
Caused by: org.springframework.beans.factory.BeanCreationException: Error creating bean with name 'liquibase' defined in class path resource [org/springframework/boot/autoconfigure/liquibase/LiquibaseAutoConfiguration$LiquibaseConfiguration.class]: Invocation of init method failed; nested exception is liquibase.exception.DatabaseException: java.sql.SQLException: Não é possível iniciar o Universal Connection Pool: oracle.ucp.UniversalConnectionPoolException: Erro durante a criação de pool no MBean do Gerenciador do Universal Connection Pool: oracle.ucp.UniversalConnectionPoolException: Erro durante a criação de pool no Gerenciador do Universal Connection Pool: java.sql.SQLException: Configuração inválida do Universal Connection Pool: oracle.ucp.UniversalConnectionPoolException: O Universal Connection Pool já existe no Gerenciador do Universal Connection Pool. O Universal Connection Pool não pode ser adicionado ao Gerenciador do Universal Connection Pool
Caused by: liquibase.exception.DatabaseException: java.sql.SQLException: Não é possível iniciar o Universal Connection Pool: oracle.ucp.UniversalConnectionPoolException: Erro durante a criação de pool no MBean do Gerenciador do Universal Connection Pool: oracle.ucp.UniversalConnectionPoolException: Erro durante a criação de pool no Gerenciador do Universal Connection Pool: java.sql.SQLException: Configuração inválida do Universal Connection Pool: oracle.ucp.UniversalConnectionPoolException: O Universal Connection Pool já existe no Gerenciador do Universal Connection Pool. O Universal Connection Pool não pode ser adicionado ao Gerenciador do Universal Connection Pool
Caused by: java.sql.SQLException: Não é possível iniciar o Universal Connection Pool: oracle.ucp.UniversalConnectionPoolException: Erro durante a criação de pool no MBean do Gerenciador do Universal Connection Pool: oracle.ucp.UniversalConnectionPoolException: Erro durante a criação de pool no Gerenciador do Universal Connection Pool: java.sql.SQLException: Configuração inválida do Universal Connection Pool: oracle.ucp.UniversalConnectionPoolException: O Universal Connection Pool já existe no Gerenciador do Universal Connection Pool. O Universal Connection Pool não pode ser adicionado ao Gerenciador do Universal Connection Pool
Caused by: oracle.ucp.UniversalConnectionPoolException: Erro durante a criação de pool no MBean do Gerenciador do Universal Connection Pool: oracle.ucp.UniversalConnectionPoolException: Erro durante a criação de pool no Gerenciador do Universal Connection Pool: java.sql.SQLException: Configuração inválida do Universal Connection Pool: oracle.ucp.UniversalConnectionPoolException: O Universal Connection Pool já existe no Gerenciador do Universal Connection Pool. O Universal Connection Pool não pode ser adicionado ao Gerenciador do Universal Connection Pool
Caused by: oracle.ucp.UniversalConnectionPoolException: Erro durante a criação de pool no Gerenciador do Universal Connection Pool: java.sql.SQLException: Configuração inválida do Universal Connection Pool: oracle.ucp.UniversalConnectionPoolException: O Universal Connection Pool já existe no Gerenciador do Universal Connection Pool. O Universal Connection Pool não pode ser adicionado ao Gerenciador do Universal Connection Pool
Caused by: java.sql.SQLException: Configuração inválida do Universal Connection Pool: oracle.ucp.UniversalConnectionPoolException: O Universal Connection Pool já existe no Gerenciador do Universal Connection Pool. O Universal Connection Pool não pode ser adicionado ao Gerenciador do Universal Connection Pool
Caused by: oracle.ucp.UniversalConnectionPoolException: O Universal Connection Pool já existe no Gerenciador do Universal Connection Pool. O Universal Connection Pool não pode ser adicionado ao Gerenciador do Universal Connection Pool
</error>
    <system-out><![CDATA[2023-10-15 14:24:32.104  INFO 16372 --- [           main] .b.t.c.SpringBootTestContextBootstrapper : Neither @ContextConfiguration nor @ContextHierarchy found for test class [com.fluffy.backend.service.CsvSupplierServiceTest], using SpringBootContextLoader
2023-10-15 14:24:32.107  INFO 16372 --- [           main] o.s.t.c.support.AbstractContextLoader    : Could not detect default resource locations for test class [com.fluffy.backend.service.CsvSupplierServiceTest]: no resource found for suffixes {-context.xml, Context.groovy}.
2023-10-15 14:24:32.107  INFO 16372 --- [           main] t.c.s.AnnotationConfigContextLoaderUtils : Could not detect default configuration classes for test class [com.fluffy.backend.service.CsvSupplierServiceTest]: CsvSupplierServiceTest does not declare any static, non-private, non-final, nested classes annotated with @Configuration.
2023-10-15 14:24:32.153  INFO 16372 --- [           main] .b.t.c.SpringBootTestContextBootstrapper : Found @SpringBootConfiguration com.fluffy.backend.BackendApplication for test class com.fluffy.backend.service.CsvSupplierServiceTest
2023-10-15 14:24:32.161  INFO 16372 --- [           main] .b.t.c.SpringBootTestContextBootstrapper : Loaded default TestExecutionListener class names from location [META-INF/spring.factories]: [org.springframework.boot.test.mock.mockito.MockitoTestExecutionListener, org.springframework.boot.test.mock.mockito.ResetMocksTestExecutionListener, org.springframework.boot.test.autoconfigure.restdocs.RestDocsTestExecutionListener, org.springframework.boot.test.autoconfigure.web.client.MockRestServiceServerResetTestExecutionListener, org.springframework.boot.test.autoconfigure.web.servlet.MockMvcPrintOnlyOnFailureTestExecutionListener, org.springframework.boot.test.autoconfigure.web.servlet.WebDriverTestExecutionListener, org.springframework.boot.test.autoconfigure.webservices.client.MockWebServiceServerTestExecutionListener, org.springframework.test.context.web.ServletTestExecutionListener, org.springframework.test.context.support.DirtiesContextBeforeModesTestExecutionListener, org.springframework.test.context.event.ApplicationEventsTestExecutionListener, org.springframework.test.context.support.DependencyInjectionTestExecutionListener, org.springframework.test.context.support.DirtiesContextTestExecutionListener, org.springframework.test.context.transaction.TransactionalTestExecutionListener, org.springframework.test.context.jdbc.SqlScriptsTestExecutionListener, org.springframework.test.context.event.EventPublishingTestExecutionListener]
2023-10-15 14:24:32.162  INFO 16372 --- [           main] .b.t.c.SpringBootTestContextBootstrapper : Using TestExecutionListeners: [org.springframework.test.context.web.ServletTestExecutionListener@4e453285, org.springframework.test.context.support.DirtiesContextBeforeModesTestExecutionListener@5b407420, org.springframework.test.context.event.ApplicationEventsTestExecutionListener@3e929c9c, org.springframework.boot.test.mock.mockito.MockitoTestExecutionListener@1f99c13, org.springframework.boot.test.autoconfigure.SpringBootDependencyInjectionTestExecutionListener@664f57b3, org.springframework.test.context.support.DirtiesContextTestExecutionListener@3ef6ce2e, org.springframework.test.context.transaction.TransactionalTestExecutionListener@14aac310, org.springframework.test.context.jdbc.SqlScriptsTestExecutionListener@597edc92, org.springframework.test.context.event.EventPublishingTestExecutionListener@4590fac1, org.springframework.boot.test.mock.mockito.ResetMocksTestExecutionListener@4d9fdbe3, org.springframework.boot.test.autoconfigure.restdocs.RestDocsTestExecutionListener@f6f2303, org.springframework.boot.test.autoconfigure.web.client.MockRestServiceServerResetTestExecutionListener@20daf430, org.springframework.boot.test.autoconfigure.web.servlet.MockMvcPrintOnlyOnFailureTestExecutionListener@62de4418, org.springframework.boot.test.autoconfigure.web.servlet.WebDriverTestExecutionListener@512dcb63, org.springframework.boot.test.autoconfigure.webservices.client.MockWebServiceServerTestExecutionListener@272c9d7e]

  .   ____          _            __ _ _
 /\\ / ___'_ __ _ _(_)_ __  __ _ \ \ \ \
( ( )\___ | '_ | '_| | '_ \/ _` | \ \ \ \
 \\/  ___)| |_)| | | | | || (_| |  ) ) ) )
  '  |____| .__|_| |_|_| |_\__, | / / / /
 =========|_|==============|___/=/_/_/_/
 :: Spring Boot ::               (v2.7.14)

2023-10-15 14:24:32.368  INFO 16372 --- [           main] c.f.b.service.CsvSupplierServiceTest     : Starting CsvSupplierServiceTest using Java 17.0.6 on DESKTOP-JFFVJV8 with PID 16372 (started by Victor in C:\Users\Victor\Documents\GitHub\Projeto-Integrador-Oracle-Backend\backend)
2023-10-15 14:24:32.370  INFO 16372 --- [           main] c.f.b.service.CsvSupplierServiceTest     : No active profile set, falling back to 1 default profile: "default"
2023-10-15 14:24:33.837  INFO 16372 --- [           main] .s.d.r.c.RepositoryConfigurationDelegate : Bootstrapping Spring Data JPA repositories in DEFAULT mode.
2023-10-15 14:24:34.006  INFO 16372 --- [           main] .s.d.r.c.RepositoryConfigurationDelegate : Finished Spring Data repository scanning in 166 ms. Found 9 JPA repository interfaces.
2023-10-15 14:24:34.873  WARN 16372 --- [           main] o.s.w.c.s.GenericWebApplicationContext   : Exception encountered during context initialization - cancelling refresh attempt: org.springframework.beans.factory.BeanCreationException: Error creating bean with name 'liquibase' defined in class path resource [org/springframework/boot/autoconfigure/liquibase/LiquibaseAutoConfiguration$LiquibaseConfiguration.class]: Invocation of init method failed; nested exception is liquibase.exception.DatabaseException: java.sql.SQLException: Não é possível iniciar o Universal Connection Pool: oracle.ucp.UniversalConnectionPoolException: Erro durante a criação de pool no MBean do Gerenciador do Universal Connection Pool: oracle.ucp.UniversalConnectionPoolException: Erro durante a criação de pool no Gerenciador do Universal Connection Pool: java.sql.SQLException: Configuração inválida do Universal Connection Pool: oracle.ucp.UniversalConnectionPoolException: O Universal Connection Pool já existe no Gerenciador do Universal Connection Pool. O Universal Connection Pool não pode ser adicionado ao Gerenciador do Universal Connection Pool
2023-10-15 14:24:34.883  INFO 16372 --- [           main] ConditionEvaluationReportLoggingListener : 

Error starting ApplicationContext. To display the conditions report re-run your application with 'debug' enabled.
2023-10-15 14:24:34.894 ERROR 16372 --- [           main] o.s.boot.SpringApplication               : Application run failed

org.springframework.beans.factory.BeanCreationException: Error creating bean with name 'liquibase' defined in class path resource [org/springframework/boot/autoconfigure/liquibase/LiquibaseAutoConfiguration$LiquibaseConfiguration.class]: Invocation of init method failed; nested exception is liquibase.exception.DatabaseException: java.sql.SQLException: Não é possível iniciar o Universal Connection Pool: oracle.ucp.UniversalConnectionPoolException: Erro durante a criação de pool no MBean do Gerenciador do Universal Connection Pool: oracle.ucp.UniversalConnectionPoolException: Erro durante a criação de pool no Gerenciador do Universal Connection Pool: java.sql.SQLException: Configuração inválida do Universal Connection Pool: oracle.ucp.UniversalConnectionPoolException: O Universal Connection Pool já existe no Gerenciador do Universal Connection Pool. O Universal Connection Pool não pode ser adicionado ao Gerenciador do Universal Connection Pool
	at org.springframework.beans.factory.support.AbstractAutowireCapableBeanFactory.initializeBean(AbstractAutowireCapableBeanFactory.java:1804) ~[spring-beans-5.3.29.jar:5.3.29]
	at org.springframework.beans.factory.support.AbstractAutowireCapableBeanFactory.doCreateBean(AbstractAutowireCapableBeanFactory.java:620) ~[spring-beans-5.3.29.jar:5.3.29]
	at org.springframework.beans.factory.support.AbstractAutowireCapableBeanFactory.createBean(AbstractAutowireCapableBeanFactory.java:542) ~[spring-beans-5.3.29.jar:5.3.29]
	at org.springframework.beans.factory.support.AbstractBeanFactory.lambda$doGetBean$0(AbstractBeanFactory.java:335) ~[spring-beans-5.3.29.jar:5.3.29]
	at org.springframework.beans.factory.support.DefaultSingletonBeanRegistry.getSingleton(DefaultSingletonBeanRegistry.java:234) ~[spring-beans-5.3.29.jar:5.3.29]
	at org.springframework.beans.factory.support.AbstractBeanFactory.doGetBean(AbstractBeanFactory.java:333) ~[spring-beans-5.3.29.jar:5.3.29]
	at org.springframework.beans.factory.support.AbstractBeanFactory.getBean(AbstractBeanFactory.java:208) ~[spring-beans-5.3.29.jar:5.3.29]
	at org.springframework.beans.factory.support.AbstractBeanFactory.doGetBean(AbstractBeanFactory.java:322) ~[spring-beans-5.3.29.jar:5.3.29]
	at org.springframework.beans.factory.support.AbstractBeanFactory.getBean(AbstractBeanFactory.java:208) ~[spring-beans-5.3.29.jar:5.3.29]
	at org.springframework.context.support.AbstractApplicationContext.getBean(AbstractApplicationContext.java:1157) ~[spring-context-5.3.29.jar:5.3.29]
	at org.springframework.context.support.AbstractApplicationContext.finishBeanFactoryInitialization(AbstractApplicationContext.java:911) ~[spring-context-5.3.29.jar:5.3.29]
	at org.springframework.context.support.AbstractApplicationContext.refresh(AbstractApplicationContext.java:583) ~[spring-context-5.3.29.jar:5.3.29]
	at org.springframework.boot.SpringApplication.refresh(SpringApplication.java:731) ~[spring-boot-2.7.14.jar:2.7.14]
	at org.springframework.boot.SpringApplication.refreshContext(SpringApplication.java:408) ~[spring-boot-2.7.14.jar:2.7.14]
	at org.springframework.boot.SpringApplication.run(SpringApplication.java:307) ~[spring-boot-2.7.14.jar:2.7.14]
	at org.springframework.boot.test.context.SpringBootContextLoader.loadContext(SpringBootContextLoader.java:136) ~[spring-boot-test-2.7.14.jar:2.7.14]
	at org.springframework.test.context.cache.DefaultCacheAwareContextLoaderDelegate.loadContextInternal(DefaultCacheAwareContextLoaderDelegate.java:141) ~[spring-test-5.3.29.jar:5.3.29]
	at org.springframework.test.context.cache.DefaultCacheAwareContextLoaderDelegate.loadContext(DefaultCacheAwareContextLoaderDelegate.java:90) ~[spring-test-5.3.29.jar:5.3.29]
	at org.springframework.test.context.support.DefaultTestContext.getApplicationContext(DefaultTestContext.java:124) ~[spring-test-5.3.29.jar:5.3.29]
	at org.springframework.test.context.web.ServletTestExecutionListener.setUpRequestContextIfNecessary(ServletTestExecutionListener.java:190) ~[spring-test-5.3.29.jar:5.3.29]
	at org.springframework.test.context.web.ServletTestExecutionListener.prepareTestInstance(ServletTestExecutionListener.java:132) ~[spring-test-5.3.29.jar:5.3.29]
	at org.springframework.test.context.TestContextManager.prepareTestInstance(TestContextManager.java:248) ~[spring-test-5.3.29.jar:5.3.29]
	at org.springframework.test.context.junit.jupiter.SpringExtension.postProcessTestInstance(SpringExtension.java:138) ~[spring-test-5.3.29.jar:5.3.29]
	at org.junit.jupiter.engine.descriptor.ClassBasedTestDescriptor.lambda$invokeTestInstancePostProcessors$8(ClassBasedTestDescriptor.java:363) ~[junit-jupiter-engine-5.8.2.jar:5.8.2]
	at org.junit.jupiter.engine.descriptor.ClassBasedTestDescriptor.executeAndMaskThrowable(ClassBasedTestDescriptor.java:368) ~[junit-jupiter-engine-5.8.2.jar:5.8.2]
	at org.junit.jupiter.engine.descriptor.ClassBasedTestDescriptor.lambda$invokeTestInstancePostProcessors$9(ClassBasedTestDescriptor.java:363) ~[junit-jupiter-engine-5.8.2.jar:5.8.2]
	at java.base/java.util.stream.ReferencePipeline$3$1.accept(ReferencePipeline.java:197) ~[na:na]
	at java.base/java.util.stream.ReferencePipeline$2$1.accept(ReferencePipeline.java:179) ~[na:na]
	at java.base/java.util.ArrayList$ArrayListSpliterator.forEachRemaining(ArrayList.java:1625) ~[na:na]
	at java.base/java.util.stream.AbstractPipeline.copyInto(AbstractPipeline.java:509) ~[na:na]
	at java.base/java.util.stream.AbstractPipeline.wrapAndCopyInto(AbstractPipeline.java:499) ~[na:na]
	at java.base/java.util.stream.StreamSpliterators$WrappingSpliterator.forEachRemaining(StreamSpliterators.java:310) ~[na:na]
	at java.base/java.util.stream.Streams$ConcatSpliterator.forEachRemaining(Streams.java:735) ~[na:na]
	at java.base/java.util.stream.Streams$ConcatSpliterator.forEachRemaining(Streams.java:734) ~[na:na]
	at java.base/java.util.stream.ReferencePipeline$Head.forEach(ReferencePipeline.java:762) ~[na:na]
	at org.junit.jupiter.engine.descriptor.ClassBasedTestDescriptor.invokeTestInstancePostProcessors(ClassBasedTestDescriptor.java:362) ~[junit-jupiter-engine-5.8.2.jar:5.8.2]
	at org.junit.jupiter.engine.descriptor.ClassBasedTestDescriptor.lambda$instantiateAndPostProcessTestInstance$6(ClassBasedTestDescriptor.java:283) ~[junit-jupiter-engine-5.8.2.jar:5.8.2]
	at org.junit.platform.engine.support.hierarchical.ThrowableCollector.execute(ThrowableCollector.java:73) ~[junit-platform-engine-1.8.2.jar:1.8.2]
	at org.junit.jupiter.engine.descriptor.ClassBasedTestDescriptor.instantiateAndPostProcessTestInstance(ClassBasedTestDescriptor.java:282) ~[junit-jupiter-engine-5.8.2.jar:5.8.2]
	at org.junit.jupiter.engine.descriptor.ClassBasedTestDescriptor.lambda$testInstancesProvider$4(ClassBasedTestDescriptor.java:272) ~[junit-jupiter-engine-5.8.2.jar:5.8.2]
	at java.base/java.util.Optional.orElseGet(Optional.java:364) ~[na:na]
	at org.junit.jupiter.engine.descriptor.ClassBasedTestDescriptor.lambda$testInstancesProvider$5(ClassBasedTestDescriptor.java:271) ~[junit-jupiter-engine-5.8.2.jar:5.8.2]
	at org.junit.jupiter.engine.execution.TestInstancesProvider.getTestInstances(TestInstancesProvider.java:31) ~[junit-jupiter-engine-5.8.2.jar:5.8.2]
	at org.junit.jupiter.engine.descriptor.TestMethodTestDescriptor.lambda$prepare$0(TestMethodTestDescriptor.java:102) ~[junit-jupiter-engine-5.8.2.jar:5.8.2]
	at org.junit.platform.engine.support.hierarchical.ThrowableCollector.execute(ThrowableCollector.java:73) ~[junit-platform-engine-1.8.2.jar:1.8.2]
	at org.junit.jupiter.engine.descriptor.TestMethodTestDescriptor.prepare(TestMethodTestDescriptor.java:101) ~[junit-jupiter-engine-5.8.2.jar:5.8.2]
	at org.junit.jupiter.engine.descriptor.TestMethodTestDescriptor.prepare(TestMethodTestDescriptor.java:66) ~[junit-jupiter-engine-5.8.2.jar:5.8.2]
	at org.junit.platform.engine.support.hierarchical.NodeTestTask.lambda$prepare$2(NodeTestTask.java:123) ~[junit-platform-engine-1.8.2.jar:1.8.2]
	at org.junit.platform.engine.support.hierarchical.ThrowableCollector.execute(ThrowableCollector.java:73) ~[junit-platform-engine-1.8.2.jar:1.8.2]
	at org.junit.platform.engine.support.hierarchical.NodeTestTask.prepare(NodeTestTask.java:123) ~[junit-platform-engine-1.8.2.jar:1.8.2]
	at org.junit.platform.engine.support.hierarchical.NodeTestTask.execute(NodeTestTask.java:90) ~[junit-platform-engine-1.8.2.jar:1.8.2]
	at java.base/java.util.ArrayList.forEach(ArrayList.java:1511) ~[na:na]
	at org.junit.platform.engine.support.hierarchical.SameThreadHierarchicalTestExecutorService.invokeAll(SameThreadHierarchicalTestExecutorService.java:41) ~[junit-platform-engine-1.8.2.jar:1.8.2]
	at org.junit.platform.engine.support.hierarchical.NodeTestTask.lambda$executeRecursively$6(NodeTestTask.java:155) ~[junit-platform-engine-1.8.2.jar:1.8.2]
	at org.junit.platform.engine.support.hierarchical.ThrowableCollector.execute(ThrowableCollector.java:73) ~[junit-platform-engine-1.8.2.jar:1.8.2]
	at org.junit.platform.engine.support.hierarchical.NodeTestTask.lambda$executeRecursively$8(NodeTestTask.java:141) ~[junit-platform-engine-1.8.2.jar:1.8.2]
	at org.junit.platform.engine.support.hierarchical.Node.around(Node.java:137) ~[junit-platform-engine-1.8.2.jar:1.8.2]
	at org.junit.platform.engine.support.hierarchical.NodeTestTask.lambda$executeRecursively$9(NodeTestTask.java:139) ~[junit-platform-engine-1.8.2.jar:1.8.2]
	at org.junit.platform.engine.support.hierarchical.ThrowableCollector.execute(ThrowableCollector.java:73) ~[junit-platform-engine-1.8.2.jar:1.8.2]
	at org.junit.platform.engine.support.hierarchical.NodeTestTask.executeRecursively(NodeTestTask.java:138) ~[junit-platform-engine-1.8.2.jar:1.8.2]
	at org.junit.platform.engine.support.hierarchical.NodeTestTask.execute(NodeTestTask.java:95) ~[junit-platform-engine-1.8.2.jar:1.8.2]
	at java.base/java.util.ArrayList.forEach(ArrayList.java:1511) ~[na:na]
	at org.junit.platform.engine.support.hierarchical.SameThreadHierarchicalTestExecutorService.invokeAll(SameThreadHierarchicalTestExecutorService.java:41) ~[junit-platform-engine-1.8.2.jar:1.8.2]
	at org.junit.platform.engine.support.hierarchical.NodeTestTask.lambda$executeRecursively$6(NodeTestTask.java:155) ~[junit-platform-engine-1.8.2.jar:1.8.2]
	at org.junit.platform.engine.support.hierarchical.ThrowableCollector.execute(ThrowableCollector.java:73) ~[junit-platform-engine-1.8.2.jar:1.8.2]
	at org.junit.platform.engine.support.hierarchical.NodeTestTask.lambda$executeRecursively$8(NodeTestTask.java:141) ~[junit-platform-engine-1.8.2.jar:1.8.2]
	at org.junit.platform.engine.support.hierarchical.Node.around(Node.java:137) ~[junit-platform-engine-1.8.2.jar:1.8.2]
	at org.junit.platform.engine.support.hierarchical.NodeTestTask.lambda$executeRecursively$9(NodeTestTask.java:139) ~[junit-platform-engine-1.8.2.jar:1.8.2]
	at org.junit.platform.engine.support.hierarchical.ThrowableCollector.execute(ThrowableCollector.java:73) ~[junit-platform-engine-1.8.2.jar:1.8.2]
	at org.junit.platform.engine.support.hierarchical.NodeTestTask.executeRecursively(NodeTestTask.java:138) ~[junit-platform-engine-1.8.2.jar:1.8.2]
	at org.junit.platform.engine.support.hierarchical.NodeTestTask.execute(NodeTestTask.java:95) ~[junit-platform-engine-1.8.2.jar:1.8.2]
	at org.junit.platform.engine.support.hierarchical.SameThreadHierarchicalTestExecutorService.submit(SameThreadHierarchicalTestExecutorService.java:35) ~[junit-platform-engine-1.8.2.jar:1.8.2]
	at org.junit.platform.engine.support.hierarchical.HierarchicalTestExecutor.execute(HierarchicalTestExecutor.java:57) ~[junit-platform-engine-1.8.2.jar:1.8.2]
	at org.junit.platform.engine.support.hierarchical.HierarchicalTestEngine.execute(HierarchicalTestEngine.java:54) ~[junit-platform-engine-1.8.2.jar:1.8.2]
	at org.junit.platform.launcher.core.DefaultLauncher.execute(DefaultLauncher.java:220) ~[junit-platform-launcher-1.3.1.jar:1.3.1]
	at org.junit.platform.launcher.core.DefaultLauncher.lambda$execute$6(DefaultLauncher.java:188) ~[junit-platform-launcher-1.3.1.jar:1.3.1]
	at org.junit.platform.launcher.core.DefaultLauncher.withInterceptedStreams(DefaultLauncher.java:202) ~[junit-platform-launcher-1.3.1.jar:1.3.1]
	at org.junit.platform.launcher.core.DefaultLauncher.execute(DefaultLauncher.java:181) ~[junit-platform-launcher-1.3.1.jar:1.3.1]
	at org.junit.platform.launcher.core.DefaultLauncher.execute(DefaultLauncher.java:128) ~[junit-platform-launcher-1.3.1.jar:1.3.1]
	at org.apache.maven.surefire.junitplatform.JUnitPlatformProvider.invokeAllTests(JUnitPlatformProvider.java:150) ~[surefire-junit-platform-2.22.2.jar:2.22.2]
	at org.apache.maven.surefire.junitplatform.JUnitPlatformProvider.invoke(JUnitPlatformProvider.java:124) ~[surefire-junit-platform-2.22.2.jar:2.22.2]
	at org.apache.maven.surefire.booter.ForkedBooter.invokeProviderInSameClassLoader(ForkedBooter.java:384) ~[surefire-booter-2.22.2.jar:2.22.2]
	at org.apache.maven.surefire.booter.ForkedBooter.runSuitesInProcess(ForkedBooter.java:345) ~[surefire-booter-2.22.2.jar:2.22.2]
	at org.apache.maven.surefire.booter.ForkedBooter.execute(ForkedBooter.java:126) ~[surefire-booter-2.22.2.jar:2.22.2]
	at org.apache.maven.surefire.booter.ForkedBooter.main(ForkedBooter.java:418) ~[surefire-booter-2.22.2.jar:2.22.2]
Caused by: liquibase.exception.DatabaseException: java.sql.SQLException: Não é possível iniciar o Universal Connection Pool: oracle.ucp.UniversalConnectionPoolException: Erro durante a criação de pool no MBean do Gerenciador do Universal Connection Pool: oracle.ucp.UniversalConnectionPoolException: Erro durante a criação de pool no Gerenciador do Universal Connection Pool: java.sql.SQLException: Configuração inválida do Universal Connection Pool: oracle.ucp.UniversalConnectionPoolException: O Universal Connection Pool já existe no Gerenciador do Universal Connection Pool. O Universal Connection Pool não pode ser adicionado ao Gerenciador do Universal Connection Pool
	at liquibase.integration.spring.SpringLiquibase.afterPropertiesSet(SpringLiquibase.java:271) ~[liquibase-core-4.12.0.jar:na]
	at org.springframework.beans.factory.support.AbstractAutowireCapableBeanFactory.invokeInitMethods(AbstractAutowireCapableBeanFactory.java:1863) ~[spring-beans-5.3.29.jar:5.3.29]
	at org.springframework.beans.factory.support.AbstractAutowireCapableBeanFactory.initializeBean(AbstractAutowireCapableBeanFactory.java:1800) ~[spring-beans-5.3.29.jar:5.3.29]
	... 84 common frames omitted
Caused by: java.sql.SQLException: Não é possível iniciar o Universal Connection Pool: oracle.ucp.UniversalConnectionPoolException: Erro durante a criação de pool no MBean do Gerenciador do Universal Connection Pool: oracle.ucp.UniversalConnectionPoolException: Erro durante a criação de pool no Gerenciador do Universal Connection Pool: java.sql.SQLException: Configuração inválida do Universal Connection Pool: oracle.ucp.UniversalConnectionPoolException: O Universal Connection Pool já existe no Gerenciador do Universal Connection Pool. O Universal Connection Pool não pode ser adicionado ao Gerenciador do Universal Connection Pool
	at oracle.ucp.util.UCPErrorHandler.newSQLException(UCPErrorHandler.java:499) ~[ucp11-21.5.0.0.jar:21.5.0.0.0]
	at oracle.ucp.util.UCPErrorHandler.throwSQLException(UCPErrorHandler.java:176) ~[ucp11-21.5.0.0.jar:21.5.0.0.0]
	at oracle.ucp.jdbc.PoolDataSourceImpl.startPool(PoolDataSourceImpl.java:822) ~[ucp11-21.5.0.0.jar:21.5.0.0.0]
	at oracle.ucp.jdbc.PoolDataSourceImpl.getConnection(PoolDataSourceImpl.java:1854) ~[ucp11-21.5.0.0.jar:21.5.0.0.0]
	at oracle.ucp.jdbc.PoolDataSourceImpl$3.build(PoolDataSourceImpl.java:4046) ~[ucp11-21.5.0.0.jar:21.5.0.0.0]
	at oracle.ucp.jdbc.PoolDataSourceImpl.getConnection(PoolDataSourceImpl.java:1821) ~[ucp11-21.5.0.0.jar:21.5.0.0.0]
	at oracle.ucp.jdbc.PoolDataSourceImpl.getConnection(PoolDataSourceImpl.java:1777) ~[ucp11-21.5.0.0.jar:21.5.0.0.0]
	at oracle.ucp.jdbc.PoolDataSourceImpl.getConnection(PoolDataSourceImpl.java:1763) ~[ucp11-21.5.0.0.jar:21.5.0.0.0]
	at liquibase.integration.spring.SpringLiquibase.afterPropertiesSet(SpringLiquibase.java:266) ~[liquibase-core-4.12.0.jar:na]
	... 86 common frames omitted
Caused by: oracle.ucp.UniversalConnectionPoolException: Erro durante a criação de pool no MBean do Gerenciador do Universal Connection Pool: oracle.ucp.UniversalConnectionPoolException: Erro durante a criação de pool no Gerenciador do Universal Connection Pool: java.sql.SQLException: Configuração inválida do Universal Connection Pool: oracle.ucp.UniversalConnectionPoolException: O Universal Connection Pool já existe no Gerenciador do Universal Connection Pool. O Universal Connection Pool não pode ser adicionado ao Gerenciador do Universal Connection Pool
	at oracle.ucp.util.UCPErrorHandler.newUniversalConnectionPoolException(UCPErrorHandler.java:379) ~[ucp11-21.5.0.0.jar:21.5.0.0.0]
	at oracle.ucp.util.UCPErrorHandler.throwUniversalConnectionPoolException(UCPErrorHandler.java:69) ~[ucp11-21.5.0.0.jar:21.5.0.0.0]
	at oracle.ucp.util.UCPErrorHandler.throwUniversalConnectionPoolException(UCPErrorHandler.java:92) ~[ucp11-21.5.0.0.jar:21.5.0.0.0]
	at oracle.ucp.admin.UniversalConnectionPoolManagerMBeanImpl.createConnectionPool(UniversalConnectionPoolManagerMBeanImpl.java:314) ~[ucp11-21.5.0.0.jar:21.5.0.0.0]
	at oracle.ucp.jdbc.PoolDataSourceImpl.createPool(PoolDataSourceImpl.java:1151) ~[ucp11-21.5.0.0.jar:21.5.0.0.0]
	at oracle.ucp.jdbc.PoolDataSourceImpl.startPool(PoolDataSourceImpl.java:808) ~[ucp11-21.5.0.0.jar:21.5.0.0.0]
	... 92 common frames omitted
Caused by: oracle.ucp.UniversalConnectionPoolException: Erro durante a criação de pool no Gerenciador do Universal Connection Pool: java.sql.SQLException: Configuração inválida do Universal Connection Pool: oracle.ucp.UniversalConnectionPoolException: O Universal Connection Pool já existe no Gerenciador do Universal Connection Pool. O Universal Connection Pool não pode ser adicionado ao Gerenciador do Universal Connection Pool
	at oracle.ucp.util.UCPErrorHandler.newUniversalConnectionPoolException(UCPErrorHandler.java:379) ~[ucp11-21.5.0.0.jar:21.5.0.0.0]
	at oracle.ucp.util.UCPErrorHandler.throwUniversalConnectionPoolException(UCPErrorHandler.java:69) ~[ucp11-21.5.0.0.jar:21.5.0.0.0]
	at oracle.ucp.util.UCPErrorHandler.throwUniversalConnectionPoolException(UCPErrorHandler.java:92) ~[ucp11-21.5.0.0.jar:21.5.0.0.0]
	at oracle.ucp.admin.UniversalConnectionPoolManagerBase.createConnectionPool(UniversalConnectionPoolManagerBase.java:830) ~[ucp11-21.5.0.0.jar:21.5.0.0.0]
	at oracle.ucp.admin.UniversalConnectionPoolManagerMBeanImpl.createConnectionPool(UniversalConnectionPoolManagerMBeanImpl.java:301) ~[ucp11-21.5.0.0.jar:21.5.0.0.0]
	... 94 common frames omitted
Caused by: java.sql.SQLException: Configuração inválida do Universal Connection Pool: oracle.ucp.UniversalConnectionPoolException: O Universal Connection Pool já existe no Gerenciador do Universal Connection Pool. O Universal Connection Pool não pode ser adicionado ao Gerenciador do Universal Connection Pool
	at oracle.ucp.util.UCPErrorHandler.newSQLException(UCPErrorHandler.java:499) ~[ucp11-21.5.0.0.jar:21.5.0.0.0]
	at oracle.ucp.util.UCPErrorHandler.throwSQLException(UCPErrorHandler.java:176) ~[ucp11-21.5.0.0.jar:21.5.0.0.0]
	at oracle.ucp.jdbc.PoolDataSourceImpl.createUniversalConnectionPool(PoolDataSourceImpl.java:1085) ~[ucp11-21.5.0.0.jar:21.5.0.0.0]
	at oracle.ucp.admin.UniversalConnectionPoolManagerBase.createConnectionPool(UniversalConnectionPoolManagerBase.java:822) ~[ucp11-21.5.0.0.jar:21.5.0.0.0]
	... 95 common frames omitted
Caused by: oracle.ucp.UniversalConnectionPoolException: O Universal Connection Pool já existe no Gerenciador do Universal Connection Pool. O Universal Connection Pool não pode ser adicionado ao Gerenciador do Universal Connection Pool
	at oracle.ucp.util.UCPErrorHandler.newUniversalConnectionPoolException(UCPErrorHandler.java:379) ~[ucp11-21.5.0.0.jar:21.5.0.0.0]
	at oracle.ucp.util.UCPErrorHandler.throwUniversalConnectionPoolException(UCPErrorHandler.java:69) ~[ucp11-21.5.0.0.jar:21.5.0.0.0]
	at oracle.ucp.util.UCPErrorHandler.throwUniversalConnectionPoolException(UCPErrorHandler.java:92) ~[ucp11-21.5.0.0.jar:21.5.0.0.0]
	at oracle.ucp.util.UCPErrorHandler.throwUniversalConnectionPoolException(UCPErrorHandler.java:150) ~[ucp11-21.5.0.0.jar:21.5.0.0.0]
	at oracle.ucp.jdbc.PoolDataSourceImpl.createUniversalConnectionPool(PoolDataSourceImpl.java:985) ~[ucp11-21.5.0.0.jar:21.5.0.0.0]
	... 96 common frames omitted

2023-10-15 14:24:34.916 ERROR 16372 --- [           main] o.s.test.context.TestContextManager      : Caught exception while allowing TestExecutionListener [org.springframework.test.context.web.ServletTestExecutionListener@4e453285] to prepare test instance [com.fluffy.backend.service.CsvSupplierServiceTest@626fc0fe]

java.lang.IllegalStateException: Failed to load ApplicationContext
	at org.springframework.test.context.cache.DefaultCacheAwareContextLoaderDelegate.loadContext(DefaultCacheAwareContextLoaderDelegate.java:98) ~[spring-test-5.3.29.jar:5.3.29]
	at org.springframework.test.context.support.DefaultTestContext.getApplicationContext(DefaultTestContext.java:124) ~[spring-test-5.3.29.jar:5.3.29]
	at org.springframework.test.context.web.ServletTestExecutionListener.setUpRequestContextIfNecessary(ServletTestExecutionListener.java:190) ~[spring-test-5.3.29.jar:5.3.29]
	at org.springframework.test.context.web.ServletTestExecutionListener.prepareTestInstance(ServletTestExecutionListener.java:132) ~[spring-test-5.3.29.jar:5.3.29]
	at org.springframework.test.context.TestContextManager.prepareTestInstance(TestContextManager.java:248) ~[spring-test-5.3.29.jar:5.3.29]
	at org.springframework.test.context.junit.jupiter.SpringExtension.postProcessTestInstance(SpringExtension.java:138) ~[spring-test-5.3.29.jar:5.3.29]
	at org.junit.jupiter.engine.descriptor.ClassBasedTestDescriptor.lambda$invokeTestInstancePostProcessors$8(ClassBasedTestDescriptor.java:363) ~[junit-jupiter-engine-5.8.2.jar:5.8.2]
	at org.junit.jupiter.engine.descriptor.ClassBasedTestDescriptor.executeAndMaskThrowable(ClassBasedTestDescriptor.java:368) ~[junit-jupiter-engine-5.8.2.jar:5.8.2]
	at org.junit.jupiter.engine.descriptor.ClassBasedTestDescriptor.lambda$invokeTestInstancePostProcessors$9(ClassBasedTestDescriptor.java:363) ~[junit-jupiter-engine-5.8.2.jar:5.8.2]
	at java.base/java.util.stream.ReferencePipeline$3$1.accept(ReferencePipeline.java:197) ~[na:na]
	at java.base/java.util.stream.ReferencePipeline$2$1.accept(ReferencePipeline.java:179) ~[na:na]
	at java.base/java.util.ArrayList$ArrayListSpliterator.forEachRemaining(ArrayList.java:1625) ~[na:na]
	at java.base/java.util.stream.AbstractPipeline.copyInto(AbstractPipeline.java:509) ~[na:na]
	at java.base/java.util.stream.AbstractPipeline.wrapAndCopyInto(AbstractPipeline.java:499) ~[na:na]
	at java.base/java.util.stream.StreamSpliterators$WrappingSpliterator.forEachRemaining(StreamSpliterators.java:310) ~[na:na]
	at java.base/java.util.stream.Streams$ConcatSpliterator.forEachRemaining(Streams.java:735) ~[na:na]
	at java.base/java.util.stream.Streams$ConcatSpliterator.forEachRemaining(Streams.java:734) ~[na:na]
	at java.base/java.util.stream.ReferencePipeline$Head.forEach(ReferencePipeline.java:762) ~[na:na]
	at org.junit.jupiter.engine.descriptor.ClassBasedTestDescriptor.invokeTestInstancePostProcessors(ClassBasedTestDescriptor.java:362) ~[junit-jupiter-engine-5.8.2.jar:5.8.2]
	at org.junit.jupiter.engine.descriptor.ClassBasedTestDescriptor.lambda$instantiateAndPostProcessTestInstance$6(ClassBasedTestDescriptor.java:283) ~[junit-jupiter-engine-5.8.2.jar:5.8.2]
	at org.junit.platform.engine.support.hierarchical.ThrowableCollector.execute(ThrowableCollector.java:73) ~[junit-platform-engine-1.8.2.jar:1.8.2]
	at org.junit.jupiter.engine.descriptor.ClassBasedTestDescriptor.instantiateAndPostProcessTestInstance(ClassBasedTestDescriptor.java:282) ~[junit-jupiter-engine-5.8.2.jar:5.8.2]
	at org.junit.jupiter.engine.descriptor.ClassBasedTestDescriptor.lambda$testInstancesProvider$4(ClassBasedTestDescriptor.java:272) ~[junit-jupiter-engine-5.8.2.jar:5.8.2]
	at java.base/java.util.Optional.orElseGet(Optional.java:364) ~[na:na]
	at org.junit.jupiter.engine.descriptor.ClassBasedTestDescriptor.lambda$testInstancesProvider$5(ClassBasedTestDescriptor.java:271) ~[junit-jupiter-engine-5.8.2.jar:5.8.2]
	at org.junit.jupiter.engine.execution.TestInstancesProvider.getTestInstances(TestInstancesProvider.java:31) ~[junit-jupiter-engine-5.8.2.jar:5.8.2]
	at org.junit.jupiter.engine.descriptor.TestMethodTestDescriptor.lambda$prepare$0(TestMethodTestDescriptor.java:102) ~[junit-jupiter-engine-5.8.2.jar:5.8.2]
	at org.junit.platform.engine.support.hierarchical.ThrowableCollector.execute(ThrowableCollector.java:73) ~[junit-platform-engine-1.8.2.jar:1.8.2]
	at org.junit.jupiter.engine.descriptor.TestMethodTestDescriptor.prepare(TestMethodTestDescriptor.java:101) ~[junit-jupiter-engine-5.8.2.jar:5.8.2]
	at org.junit.jupiter.engine.descriptor.TestMethodTestDescriptor.prepare(TestMethodTestDescriptor.java:66) ~[junit-jupiter-engine-5.8.2.jar:5.8.2]
	at org.junit.platform.engine.support.hierarchical.NodeTestTask.lambda$prepare$2(NodeTestTask.java:123) ~[junit-platform-engine-1.8.2.jar:1.8.2]
	at org.junit.platform.engine.support.hierarchical.ThrowableCollector.execute(ThrowableCollector.java:73) ~[junit-platform-engine-1.8.2.jar:1.8.2]
	at org.junit.platform.engine.support.hierarchical.NodeTestTask.prepare(NodeTestTask.java:123) ~[junit-platform-engine-1.8.2.jar:1.8.2]
	at org.junit.platform.engine.support.hierarchical.NodeTestTask.execute(NodeTestTask.java:90) ~[junit-platform-engine-1.8.2.jar:1.8.2]
	at java.base/java.util.ArrayList.forEach(ArrayList.java:1511) ~[na:na]
	at org.junit.platform.engine.support.hierarchical.SameThreadHierarchicalTestExecutorService.invokeAll(SameThreadHierarchicalTestExecutorService.java:41) ~[junit-platform-engine-1.8.2.jar:1.8.2]
	at org.junit.platform.engine.support.hierarchical.NodeTestTask.lambda$executeRecursively$6(NodeTestTask.java:155) ~[junit-platform-engine-1.8.2.jar:1.8.2]
	at org.junit.platform.engine.support.hierarchical.ThrowableCollector.execute(ThrowableCollector.java:73) ~[junit-platform-engine-1.8.2.jar:1.8.2]
	at org.junit.platform.engine.support.hierarchical.NodeTestTask.lambda$executeRecursively$8(NodeTestTask.java:141) ~[junit-platform-engine-1.8.2.jar:1.8.2]
	at org.junit.platform.engine.support.hierarchical.Node.around(Node.java:137) ~[junit-platform-engine-1.8.2.jar:1.8.2]
	at org.junit.platform.engine.support.hierarchical.NodeTestTask.lambda$executeRecursively$9(NodeTestTask.java:139) ~[junit-platform-engine-1.8.2.jar:1.8.2]
	at org.junit.platform.engine.support.hierarchical.ThrowableCollector.execute(ThrowableCollector.java:73) ~[junit-platform-engine-1.8.2.jar:1.8.2]
	at org.junit.platform.engine.support.hierarchical.NodeTestTask.executeRecursively(NodeTestTask.java:138) ~[junit-platform-engine-1.8.2.jar:1.8.2]
	at org.junit.platform.engine.support.hierarchical.NodeTestTask.execute(NodeTestTask.java:95) ~[junit-platform-engine-1.8.2.jar:1.8.2]
	at java.base/java.util.ArrayList.forEach(ArrayList.java:1511) ~[na:na]
	at org.junit.platform.engine.support.hierarchical.SameThreadHierarchicalTestExecutorService.invokeAll(SameThreadHierarchicalTestExecutorService.java:41) ~[junit-platform-engine-1.8.2.jar:1.8.2]
	at org.junit.platform.engine.support.hierarchical.NodeTestTask.lambda$executeRecursively$6(NodeTestTask.java:155) ~[junit-platform-engine-1.8.2.jar:1.8.2]
	at org.junit.platform.engine.support.hierarchical.ThrowableCollector.execute(ThrowableCollector.java:73) ~[junit-platform-engine-1.8.2.jar:1.8.2]
	at org.junit.platform.engine.support.hierarchical.NodeTestTask.lambda$executeRecursively$8(NodeTestTask.java:141) ~[junit-platform-engine-1.8.2.jar:1.8.2]
	at org.junit.platform.engine.support.hierarchical.Node.around(Node.java:137) ~[junit-platform-engine-1.8.2.jar:1.8.2]
	at org.junit.platform.engine.support.hierarchical.NodeTestTask.lambda$executeRecursively$9(NodeTestTask.java:139) ~[junit-platform-engine-1.8.2.jar:1.8.2]
	at org.junit.platform.engine.support.hierarchical.ThrowableCollector.execute(ThrowableCollector.java:73) ~[junit-platform-engine-1.8.2.jar:1.8.2]
	at org.junit.platform.engine.support.hierarchical.NodeTestTask.executeRecursively(NodeTestTask.java:138) ~[junit-platform-engine-1.8.2.jar:1.8.2]
	at org.junit.platform.engine.support.hierarchical.NodeTestTask.execute(NodeTestTask.java:95) ~[junit-platform-engine-1.8.2.jar:1.8.2]
	at org.junit.platform.engine.support.hierarchical.SameThreadHierarchicalTestExecutorService.submit(SameThreadHierarchicalTestExecutorService.java:35) ~[junit-platform-engine-1.8.2.jar:1.8.2]
	at org.junit.platform.engine.support.hierarchical.HierarchicalTestExecutor.execute(HierarchicalTestExecutor.java:57) ~[junit-platform-engine-1.8.2.jar:1.8.2]
	at org.junit.platform.engine.support.hierarchical.HierarchicalTestEngine.execute(HierarchicalTestEngine.java:54) ~[junit-platform-engine-1.8.2.jar:1.8.2]
	at org.junit.platform.launcher.core.DefaultLauncher.execute(DefaultLauncher.java:220) ~[junit-platform-launcher-1.3.1.jar:1.3.1]
	at org.junit.platform.launcher.core.DefaultLauncher.lambda$execute$6(DefaultLauncher.java:188) ~[junit-platform-launcher-1.3.1.jar:1.3.1]
	at org.junit.platform.launcher.core.DefaultLauncher.withInterceptedStreams(DefaultLauncher.java:202) ~[junit-platform-launcher-1.3.1.jar:1.3.1]
	at org.junit.platform.launcher.core.DefaultLauncher.execute(DefaultLauncher.java:181) ~[junit-platform-launcher-1.3.1.jar:1.3.1]
	at org.junit.platform.launcher.core.DefaultLauncher.execute(DefaultLauncher.java:128) ~[junit-platform-launcher-1.3.1.jar:1.3.1]
	at org.apache.maven.surefire.junitplatform.JUnitPlatformProvider.invokeAllTests(JUnitPlatformProvider.java:150) ~[surefire-junit-platform-2.22.2.jar:2.22.2]
	at org.apache.maven.surefire.junitplatform.JUnitPlatformProvider.invoke(JUnitPlatformProvider.java:124) ~[surefire-junit-platform-2.22.2.jar:2.22.2]
	at org.apache.maven.surefire.booter.ForkedBooter.invokeProviderInSameClassLoader(ForkedBooter.java:384) ~[surefire-booter-2.22.2.jar:2.22.2]
	at org.apache.maven.surefire.booter.ForkedBooter.runSuitesInProcess(ForkedBooter.java:345) ~[surefire-booter-2.22.2.jar:2.22.2]
	at org.apache.maven.surefire.booter.ForkedBooter.execute(ForkedBooter.java:126) ~[surefire-booter-2.22.2.jar:2.22.2]
	at org.apache.maven.surefire.booter.ForkedBooter.main(ForkedBooter.java:418) ~[surefire-booter-2.22.2.jar:2.22.2]
Caused by: org.springframework.beans.factory.BeanCreationException: Error creating bean with name 'liquibase' defined in class path resource [org/springframework/boot/autoconfigure/liquibase/LiquibaseAutoConfiguration$LiquibaseConfiguration.class]: Invocation of init method failed; nested exception is liquibase.exception.DatabaseException: java.sql.SQLException: Não é possível iniciar o Universal Connection Pool: oracle.ucp.UniversalConnectionPoolException: Erro durante a criação de pool no MBean do Gerenciador do Universal Connection Pool: oracle.ucp.UniversalConnectionPoolException: Erro durante a criação de pool no Gerenciador do Universal Connection Pool: java.sql.SQLException: Configuração inválida do Universal Connection Pool: oracle.ucp.UniversalConnectionPoolException: O Universal Connection Pool já existe no Gerenciador do Universal Connection Pool. O Universal Connection Pool não pode ser adicionado ao Gerenciador do Universal Connection Pool
	at org.springframework.beans.factory.support.AbstractAutowireCapableBeanFactory.initializeBean(AbstractAutowireCapableBeanFactory.java:1804) ~[spring-beans-5.3.29.jar:5.3.29]
	at org.springframework.beans.factory.support.AbstractAutowireCapableBeanFactory.doCreateBean(AbstractAutowireCapableBeanFactory.java:620) ~[spring-beans-5.3.29.jar:5.3.29]
	at org.springframework.beans.factory.support.AbstractAutowireCapableBeanFactory.createBean(AbstractAutowireCapableBeanFactory.java:542) ~[spring-beans-5.3.29.jar:5.3.29]
	at org.springframework.beans.factory.support.AbstractBeanFactory.lambda$doGetBean$0(AbstractBeanFactory.java:335) ~[spring-beans-5.3.29.jar:5.3.29]
	at org.springframework.beans.factory.support.DefaultSingletonBeanRegistry.getSingleton(DefaultSingletonBeanRegistry.java:234) ~[spring-beans-5.3.29.jar:5.3.29]
	at org.springframework.beans.factory.support.AbstractBeanFactory.doGetBean(AbstractBeanFactory.java:333) ~[spring-beans-5.3.29.jar:5.3.29]
	at org.springframework.beans.factory.support.AbstractBeanFactory.getBean(AbstractBeanFactory.java:208) ~[spring-beans-5.3.29.jar:5.3.29]
	at org.springframework.beans.factory.support.AbstractBeanFactory.doGetBean(AbstractBeanFactory.java:322) ~[spring-beans-5.3.29.jar:5.3.29]
	at org.springframework.beans.factory.support.AbstractBeanFactory.getBean(AbstractBeanFactory.java:208) ~[spring-beans-5.3.29.jar:5.3.29]
	at org.springframework.context.support.AbstractApplicationContext.getBean(AbstractApplicationContext.java:1157) ~[spring-context-5.3.29.jar:5.3.29]
	at org.springframework.context.support.AbstractApplicationContext.finishBeanFactoryInitialization(AbstractApplicationContext.java:911) ~[spring-context-5.3.29.jar:5.3.29]
	at org.springframework.context.support.AbstractApplicationContext.refresh(AbstractApplicationContext.java:583) ~[spring-context-5.3.29.jar:5.3.29]
	at org.springframework.boot.SpringApplication.refresh(SpringApplication.java:731) ~[spring-boot-2.7.14.jar:2.7.14]
	at org.springframework.boot.SpringApplication.refreshContext(SpringApplication.java:408) ~[spring-boot-2.7.14.jar:2.7.14]
	at org.springframework.boot.SpringApplication.run(SpringApplication.java:307) ~[spring-boot-2.7.14.jar:2.7.14]
	at org.springframework.boot.test.context.SpringBootContextLoader.loadContext(SpringBootContextLoader.java:136) ~[spring-boot-test-2.7.14.jar:2.7.14]
	at org.springframework.test.context.cache.DefaultCacheAwareContextLoaderDelegate.loadContextInternal(DefaultCacheAwareContextLoaderDelegate.java:141) ~[spring-test-5.3.29.jar:5.3.29]
	at org.springframework.test.context.cache.DefaultCacheAwareContextLoaderDelegate.loadContext(DefaultCacheAwareContextLoaderDelegate.java:90) ~[spring-test-5.3.29.jar:5.3.29]
	... 67 common frames omitted
Caused by: liquibase.exception.DatabaseException: java.sql.SQLException: Não é possível iniciar o Universal Connection Pool: oracle.ucp.UniversalConnectionPoolException: Erro durante a criação de pool no MBean do Gerenciador do Universal Connection Pool: oracle.ucp.UniversalConnectionPoolException: Erro durante a criação de pool no Gerenciador do Universal Connection Pool: java.sql.SQLException: Configuração inválida do Universal Connection Pool: oracle.ucp.UniversalConnectionPoolException: O Universal Connection Pool já existe no Gerenciador do Universal Connection Pool. O Universal Connection Pool não pode ser adicionado ao Gerenciador do Universal Connection Pool
	at liquibase.integration.spring.SpringLiquibase.afterPropertiesSet(SpringLiquibase.java:271) ~[liquibase-core-4.12.0.jar:na]
	at org.springframework.beans.factory.support.AbstractAutowireCapableBeanFactory.invokeInitMethods(AbstractAutowireCapableBeanFactory.java:1863) ~[spring-beans-5.3.29.jar:5.3.29]
	at org.springframework.beans.factory.support.AbstractAutowireCapableBeanFactory.initializeBean(AbstractAutowireCapableBeanFactory.java:1800) ~[spring-beans-5.3.29.jar:5.3.29]
	... 84 common frames omitted
Caused by: java.sql.SQLException: Não é possível iniciar o Universal Connection Pool: oracle.ucp.UniversalConnectionPoolException: Erro durante a criação de pool no MBean do Gerenciador do Universal Connection Pool: oracle.ucp.UniversalConnectionPoolException: Erro durante a criação de pool no Gerenciador do Universal Connection Pool: java.sql.SQLException: Configuração inválida do Universal Connection Pool: oracle.ucp.UniversalConnectionPoolException: O Universal Connection Pool já existe no Gerenciador do Universal Connection Pool. O Universal Connection Pool não pode ser adicionado ao Gerenciador do Universal Connection Pool
	at oracle.ucp.util.UCPErrorHandler.newSQLException(UCPErrorHandler.java:499) ~[ucp11-21.5.0.0.jar:21.5.0.0.0]
	at oracle.ucp.util.UCPErrorHandler.throwSQLException(UCPErrorHandler.java:176) ~[ucp11-21.5.0.0.jar:21.5.0.0.0]
	at oracle.ucp.jdbc.PoolDataSourceImpl.startPool(PoolDataSourceImpl.java:822) ~[ucp11-21.5.0.0.jar:21.5.0.0.0]
	at oracle.ucp.jdbc.PoolDataSourceImpl.getConnection(PoolDataSourceImpl.java:1854) ~[ucp11-21.5.0.0.jar:21.5.0.0.0]
	at oracle.ucp.jdbc.PoolDataSourceImpl$3.build(PoolDataSourceImpl.java:4046) ~[ucp11-21.5.0.0.jar:21.5.0.0.0]
	at oracle.ucp.jdbc.PoolDataSourceImpl.getConnection(PoolDataSourceImpl.java:1821) ~[ucp11-21.5.0.0.jar:21.5.0.0.0]
	at oracle.ucp.jdbc.PoolDataSourceImpl.getConnection(PoolDataSourceImpl.java:1777) ~[ucp11-21.5.0.0.jar:21.5.0.0.0]
	at oracle.ucp.jdbc.PoolDataSourceImpl.getConnection(PoolDataSourceImpl.java:1763) ~[ucp11-21.5.0.0.jar:21.5.0.0.0]
	at liquibase.integration.spring.SpringLiquibase.afterPropertiesSet(SpringLiquibase.java:266) ~[liquibase-core-4.12.0.jar:na]
	... 86 common frames omitted
Caused by: oracle.ucp.UniversalConnectionPoolException: Erro durante a criação de pool no MBean do Gerenciador do Universal Connection Pool: oracle.ucp.UniversalConnectionPoolException: Erro durante a criação de pool no Gerenciador do Universal Connection Pool: java.sql.SQLException: Configuração inválida do Universal Connection Pool: oracle.ucp.UniversalConnectionPoolException: O Universal Connection Pool já existe no Gerenciador do Universal Connection Pool. O Universal Connection Pool não pode ser adicionado ao Gerenciador do Universal Connection Pool
	at oracle.ucp.util.UCPErrorHandler.newUniversalConnectionPoolException(UCPErrorHandler.java:379) ~[ucp11-21.5.0.0.jar:21.5.0.0.0]
	at oracle.ucp.util.UCPErrorHandler.throwUniversalConnectionPoolException(UCPErrorHandler.java:69) ~[ucp11-21.5.0.0.jar:21.5.0.0.0]
	at oracle.ucp.util.UCPErrorHandler.throwUniversalConnectionPoolException(UCPErrorHandler.java:92) ~[ucp11-21.5.0.0.jar:21.5.0.0.0]
	at oracle.ucp.admin.UniversalConnectionPoolManagerMBeanImpl.createConnectionPool(UniversalConnectionPoolManagerMBeanImpl.java:314) ~[ucp11-21.5.0.0.jar:21.5.0.0.0]
	at oracle.ucp.jdbc.PoolDataSourceImpl.createPool(PoolDataSourceImpl.java:1151) ~[ucp11-21.5.0.0.jar:21.5.0.0.0]
	at oracle.ucp.jdbc.PoolDataSourceImpl.startPool(PoolDataSourceImpl.java:808) ~[ucp11-21.5.0.0.jar:21.5.0.0.0]
	... 92 common frames omitted
Caused by: oracle.ucp.UniversalConnectionPoolException: Erro durante a criação de pool no Gerenciador do Universal Connection Pool: java.sql.SQLException: Configuração inválida do Universal Connection Pool: oracle.ucp.UniversalConnectionPoolException: O Universal Connection Pool já existe no Gerenciador do Universal Connection Pool. O Universal Connection Pool não pode ser adicionado ao Gerenciador do Universal Connection Pool
	at oracle.ucp.util.UCPErrorHandler.newUniversalConnectionPoolException(UCPErrorHandler.java:379) ~[ucp11-21.5.0.0.jar:21.5.0.0.0]
	at oracle.ucp.util.UCPErrorHandler.throwUniversalConnectionPoolException(UCPErrorHandler.java:69) ~[ucp11-21.5.0.0.jar:21.5.0.0.0]
	at oracle.ucp.util.UCPErrorHandler.throwUniversalConnectionPoolException(UCPErrorHandler.java:92) ~[ucp11-21.5.0.0.jar:21.5.0.0.0]
	at oracle.ucp.admin.UniversalConnectionPoolManagerBase.createConnectionPool(UniversalConnectionPoolManagerBase.java:830) ~[ucp11-21.5.0.0.jar:21.5.0.0.0]
	at oracle.ucp.admin.UniversalConnectionPoolManagerMBeanImpl.createConnectionPool(UniversalConnectionPoolManagerMBeanImpl.java:301) ~[ucp11-21.5.0.0.jar:21.5.0.0.0]
	... 94 common frames omitted
Caused by: java.sql.SQLException: Configuração inválida do Universal Connection Pool: oracle.ucp.UniversalConnectionPoolException: O Universal Connection Pool já existe no Gerenciador do Universal Connection Pool. O Universal Connection Pool não pode ser adicionado ao Gerenciador do Universal Connection Pool
	at oracle.ucp.util.UCPErrorHandler.newSQLException(UCPErrorHandler.java:499) ~[ucp11-21.5.0.0.jar:21.5.0.0.0]
	at oracle.ucp.util.UCPErrorHandler.throwSQLException(UCPErrorHandler.java:176) ~[ucp11-21.5.0.0.jar:21.5.0.0.0]
	at oracle.ucp.jdbc.PoolDataSourceImpl.createUniversalConnectionPool(PoolDataSourceImpl.java:1085) ~[ucp11-21.5.0.0.jar:21.5.0.0.0]
	at oracle.ucp.admin.UniversalConnectionPoolManagerBase.createConnectionPool(UniversalConnectionPoolManagerBase.java:822) ~[ucp11-21.5.0.0.jar:21.5.0.0.0]
	... 95 common frames omitted
Caused by: oracle.ucp.UniversalConnectionPoolException: O Universal Connection Pool já existe no Gerenciador do Universal Connection Pool. O Universal Connection Pool não pode ser adicionado ao Gerenciador do Universal Connection Pool
	at oracle.ucp.util.UCPErrorHandler.newUniversalConnectionPoolException(UCPErrorHandler.java:379) ~[ucp11-21.5.0.0.jar:21.5.0.0.0]
	at oracle.ucp.util.UCPErrorHandler.throwUniversalConnectionPoolException(UCPErrorHandler.java:69) ~[ucp11-21.5.0.0.jar:21.5.0.0.0]
	at oracle.ucp.util.UCPErrorHandler.throwUniversalConnectionPoolException(UCPErrorHandler.java:92) ~[ucp11-21.5.0.0.jar:21.5.0.0.0]
	at oracle.ucp.util.UCPErrorHandler.throwUniversalConnectionPoolException(UCPErrorHandler.java:150) ~[ucp11-21.5.0.0.jar:21.5.0.0.0]
	at oracle.ucp.jdbc.PoolDataSourceImpl.createUniversalConnectionPool(PoolDataSourceImpl.java:985) ~[ucp11-21.5.0.0.jar:21.5.0.0.0]
	... 96 common frames omitted

]]></system-out>
  </testcase>
</testsuite>